<?xml version="1.0" encoding="UTF-8"?>
<testsuite xmlns:xsi="http://www.w3.org/2001/XMLSchema-instance" xsi:noNamespaceSchemaLocation="https://maven.apache.org/surefire/maven-surefire-plugin/xsd/surefire-test-report.xsd" version="3.0.2" name="TestSuite" time="3.684" tests="10" errors="0" skipped="0" failures="0">
  <properties>
    <property name="java.specification.version" value="21"/>
    <property name="sun.cpu.isalist" value="amd64"/>
    <property name="sun.jnu.encoding" value="Cp1252"/>
    <property name="java.class.path" value="C:\Users\Daffa Virdianto\apiautomation\target\test-classes;C:\Users\Daffa Virdianto\apiautomation\target\classes;C:\Users\Daffa Virdianto\.m2\repository\org\testng\testng\7.11.0\testng-7.11.0.jar;C:\Users\Daffa Virdianto\.m2\repository\org\slf4j\slf4j-api\2.0.16\slf4j-api-2.0.16.jar;C:\Users\Daffa Virdianto\.m2\repository\org\jcommander\jcommander\1.83\jcommander-1.83.jar;C:\Users\Daffa Virdianto\.m2\repository\org\webjars\jquery\3.7.1\jquery-3.7.1.jar;C:\Users\Daffa Virdianto\.m2\repository\io\rest-assured\rest-assured\5.5.2\rest-assured-5.5.2.jar;C:\Users\Daffa Virdianto\.m2\repository\org\apache\groovy\groovy\4.0.22\groovy-4.0.22.jar;C:\Users\Daffa Virdianto\.m2\repository\org\apache\groovy\groovy-xml\4.0.22\groovy-xml-4.0.22.jar;C:\Users\Daffa Virdianto\.m2\repository\org\apache\httpcomponents\httpclient\4.5.13\httpclient-4.5.13.jar;C:\Users\Daffa Virdianto\.m2\repository\org\apache\httpcomponents\httpcore\4.4.13\httpcore-4.4.13.jar;C:\Users\Daffa Virdianto\.m2\repository\commons-logging\commons-logging\1.2\commons-logging-1.2.jar;C:\Users\Daffa Virdianto\.m2\repository\commons-codec\commons-codec\1.11\commons-codec-1.11.jar;C:\Users\Daffa Virdianto\.m2\repository\org\apache\httpcomponents\httpmime\4.5.13\httpmime-4.5.13.jar;C:\Users\Daffa Virdianto\.m2\repository\org\hamcrest\hamcrest\2.2\hamcrest-2.2.jar;C:\Users\Daffa Virdianto\.m2\repository\org\ccil\cowan\tagsoup\tagsoup\1.2.1\tagsoup-1.2.1.jar;C:\Users\Daffa Virdianto\.m2\repository\io\rest-assured\json-path\5.5.2\json-path-5.5.2.jar;C:\Users\Daffa Virdianto\.m2\repository\org\apache\groovy\groovy-json\4.0.22\groovy-json-4.0.22.jar;C:\Users\Daffa Virdianto\.m2\repository\io\rest-assured\rest-assured-common\5.5.2\rest-assured-common-5.5.2.jar;C:\Users\Daffa Virdianto\.m2\repository\io\rest-assured\xml-path\5.5.2\xml-path-5.5.2.jar;C:\Users\Daffa Virdianto\.m2\repository\org\apache\commons\commons-lang3\3.16.0\commons-lang3-3.16.0.jar;"/>
    <property name="java.vm.vendor" value="Oracle Corporation"/>
    <property name="sun.arch.data.model" value="64"/>
    <property name="user.variant" value=""/>
    <property name="java.vendor.url" value="https://java.oracle.com/"/>
    <property name="user.timezone" value="Asia/Jakarta"/>
    <property name="os.name" value="Windows 11"/>
    <property name="java.vm.specification.version" value="21"/>
    <property name="sun.java.launcher" value="SUN_STANDARD"/>
    <property name="user.country" value="ID"/>
    <property name="sun.boot.library.path" value="C:\Program Files\Java\jdk-21\bin"/>
    <property name="sun.java.command" value="C:\Users\Daffa Virdianto\AppData\Local\Temp\surefire11225706134124869284\surefirebooter-20250518112621607_3.jar C:\Users\Daffa Virdianto\AppData\Local\Temp\surefire11225706134124869284 2025-05-18T11-26-21_515-jvmRun1 surefire-20250518112621607_1tmp surefire_0-20250518112621607_2tmp"/>
    <property name="jdk.debug" value="release"/>
    <property name="surefire.test.class.path" value="C:\Users\Daffa Virdianto\apiautomation\target\test-classes;C:\Users\Daffa Virdianto\apiautomation\target\classes;C:\Users\Daffa Virdianto\.m2\repository\org\testng\testng\7.11.0\testng-7.11.0.jar;C:\Users\Daffa Virdianto\.m2\repository\org\slf4j\slf4j-api\2.0.16\slf4j-api-2.0.16.jar;C:\Users\Daffa Virdianto\.m2\repository\org\jcommander\jcommander\1.83\jcommander-1.83.jar;C:\Users\Daffa Virdianto\.m2\repository\org\webjars\jquery\3.7.1\jquery-3.7.1.jar;C:\Users\Daffa Virdianto\.m2\repository\io\rest-assured\rest-assured\5.5.2\rest-assured-5.5.2.jar;C:\Users\Daffa Virdianto\.m2\repository\org\apache\groovy\groovy\4.0.22\groovy-4.0.22.jar;C:\Users\Daffa Virdianto\.m2\repository\org\apache\groovy\groovy-xml\4.0.22\groovy-xml-4.0.22.jar;C:\Users\Daffa Virdianto\.m2\repository\org\apache\httpcomponents\httpclient\4.5.13\httpclient-4.5.13.jar;C:\Users\Daffa Virdianto\.m2\repository\org\apache\httpcomponents\httpcore\4.4.13\httpcore-4.4.13.jar;C:\Users\Daffa Virdianto\.m2\repository\commons-logging\commons-logging\1.2\commons-logging-1.2.jar;C:\Users\Daffa Virdianto\.m2\repository\commons-codec\commons-codec\1.11\commons-codec-1.11.jar;C:\Users\Daffa Virdianto\.m2\repository\org\apache\httpcomponents\httpmime\4.5.13\httpmime-4.5.13.jar;C:\Users\Daffa Virdianto\.m2\repository\org\hamcrest\hamcrest\2.2\hamcrest-2.2.jar;C:\Users\Daffa Virdianto\.m2\repository\org\ccil\cowan\tagsoup\tagsoup\1.2.1\tagsoup-1.2.1.jar;C:\Users\Daffa Virdianto\.m2\repository\io\rest-assured\json-path\5.5.2\json-path-5.5.2.jar;C:\Users\Daffa Virdianto\.m2\repository\org\apache\groovy\groovy-json\4.0.22\groovy-json-4.0.22.jar;C:\Users\Daffa Virdianto\.m2\repository\io\rest-assured\rest-assured-common\5.5.2\rest-assured-common-5.5.2.jar;C:\Users\Daffa Virdianto\.m2\repository\io\rest-assured\xml-path\5.5.2\xml-path-5.5.2.jar;C:\Users\Daffa Virdianto\.m2\repository\org\apache\commons\commons-lang3\3.16.0\commons-lang3-3.16.0.jar;"/>
    <property name="sun.cpu.endian" value="little"/>
    <property name="user.home" value="C:\Users\Daffa Virdianto"/>
    <property name="user.language" value="en"/>
    <property name="java.specification.vendor" value="Oracle Corporation"/>
    <property name="java.version.date" value="2025-04-15"/>
    <property name="java.home" value="C:\Program Files\Java\jdk-21"/>
    <property name="file.separator" value="\"/>
    <property name="basedir" value="C:\Users\Daffa Virdianto\apiautomation"/>
    <property name="java.vm.compressedOopsMode" value="Zero based"/>
    <property name="line.separator" value="&#10;"/>
    <property name="java.vm.specification.vendor" value="Oracle Corporation"/>
    <property name="java.specification.name" value="Java Platform API Specification"/>
    <property name="surefire.real.class.path" value="C:\Users\Daffa Virdianto\AppData\Local\Temp\surefire11225706134124869284\surefirebooter-20250518112621607_3.jar"/>
    <property name="user.script" value=""/>
    <property name="sun.management.compiler" value="HotSpot 64-Bit Tiered Compilers"/>
    <property name="java.runtime.version" value="21.0.7+8-LTS-245"/>
    <property name="user.name" value="Daffa Virdianto"/>
    <property name="stdout.encoding" value="Cp1252"/>
    <property name="path.separator" value=";"/>
    <property name="os.version" value="10.0"/>
    <property name="java.runtime.name" value="Java(TM) SE Runtime Environment"/>
    <property name="file.encoding" value="UTF-8"/>
    <property name="java.vm.name" value="Java HotSpot(TM) 64-Bit Server VM"/>
    <property name="localRepository" value="C:\Users\Daffa Virdianto\.m2\repository"/>
    <property name="java.vendor.url.bug" value="https://bugreport.java.com/bugreport/"/>
    <property name="java.io.tmpdir" value="C:\Users\DAFFAV~1\AppData\Local\Temp\"/>
    <property name="java.version" value="21.0.7"/>
    <property name="user.dir" value="C:\Users\Daffa Virdianto\apiautomation"/>
    <property name="os.arch" value="amd64"/>
    <property name="java.vm.specification.name" value="Java Virtual Machine Specification"/>
    <property name="sun.os.patch.level" value=""/>
    <property name="native.encoding" value="Cp1252"/>
    <property name="java.library.path" value="C:\Program Files\Java\jdk-21\bin;C:\WINDOWS\Sun\Java\bin;C:\WINDOWS\system32;C:\WINDOWS;C:\Program Files\Common Files\Oracle\Java\javapath;C:\Windows\system32;C:\Windows;C:\Windows\System32\Wbem;C:\Windows\System32\WindowsPowerShell\v1.0\;C:\Windows\System32\OpenSSH\;C:\Program Files\Git\cmd;C:\Program Files\nodejs\;C:\Users\Daffa Virdianto\.config\herd\bin\nvm;C:\Program Files\nodejs;C:\Program Files\Docker\Docker\resources\bin;C:\WINDOWS\system32;C:\WINDOWS;C:\WINDOWS\System32\Wbem;C:\WINDOWS\System32\WindowsPowerShell\v1.0\;C:\WINDOWS\System32\OpenSSH\;C:\xampp\php;C:\ProgramData\ComposerSetup\bin\C:\Program Files\Java\jdk-21\bin;C:\Program Files\Maven\apache-maven-3.9.9\bin;C:\Users\Daffa Virdianto\AppData\Local\Microsoft\WindowsApps;C:\Users\Daffa Virdianto\AppData\Local\Programs\Microsoft VS Code\bin;C:\Users\Daffa Virdianto\AppData\Roaming\npm;C:\Users\Daffa Virdianto\AppData\Roaming\Composer\vendor\bin;c:\Users\Daffa Virdianto\AppData\Roaming\Code\User\globalStorage\github.copilot-chat\debugCommand;."/>
    <property name="java.vm.info" value="mixed mode, sharing"/>
    <property name="stderr.encoding" value="Cp1252"/>
    <property name="java.vendor" value="Oracle Corporation"/>
    <property name="java.vm.version" value="21.0.7+8-LTS-245"/>
    <property name="sun.io.unicode.encoding" value="UnicodeLittle"/>
    <property name="java.class.version" value="65.0"/>
  </properties>
  <testcase name="testLogin" classname="restassured.RestAssuredImpl" time="1.291">
    <system-out><![CDATA[Request method:	POST
Request URI:	https://whitesmokehouse.com/webhook/api/login
Proxy:			<none>
Request params:	<none>
Query params:	<none>
Form params:	<none>
Path params:	<none>
Headers:		Accept=*/*
				Content-Type=application/json
Cookies:		<none>
Multiparts:		<none>
Body:
{
    "email": "daffa.virdianto@gmail.com",
    "password": "D@ffa123"
}
Response: {
    "token": "eyJhbGciOiJIUzI1NiIsInR5cCI6IkpXVCJ9.eyJpZCI6IjU4IiwiaWF0IjoxNzQ3NTQyMzg0fQ.0qR4baNsZA0b5RrN_L_RIGxkK4Dipuj5d-XcDSHwvSQ"
}
]]></system-out>
    <system-err><![CDATA[SLF4J(W): No SLF4J providers were found.
SLF4J(W): Defaulting to no-operation (NOP) logger implementation
SLF4J(W): See https://www.slf4j.org/codes.html#noProviders for further details.
]]></system-err>
  </testcase>
  <testcase name="ListOfObjectsByIds" classname="restassured.RestAssuredImpl" time="0.273">
    <system-out><![CDATA[Request method:	GET
Request URI:	https://whitesmokehouse.com/webhook/api/objects/?id=3
Proxy:			<none>
Request params:	id=3
Query params:	<none>
Form params:	<none>
Path params:	<none>
Headers:		Authorization=Bearer eyJhbGciOiJIUzI1NiIsInR5cCI6IkpXVCJ9.eyJpZCI6IjU4IiwiaWF0IjoxNzQ3NTQyMzg0fQ.0qR4baNsZA0b5RrN_L_RIGxkK4Dipuj5d-XcDSHwvSQ
				Accept=*/*
				Content-Type=application/json
Cookies:		<none>
Multiparts:		<none>
Body:			<none>
Response: [
    {
        "id": 21,
        "name": "Asus VivoBook X1404VA-NK467",
        "data": {
            "year": "2024",
            "price": "7000000",
            "CPU model": "Intel Core i5-1335U CPU @ 1.30 Ghz Up to 4.6 GHz",
            "Hard disk size": "512GB SSD M2 NVMe",
            "color": "black",
            "capacity": 10,
            "screen_size": 14
        }
    },
    {
        "id": 13,
        "name": "Apple MacBook Pro 1611-daffa",
        "data": {
            "year": "2030",
            "price": "1849.99",
            "CPU model": "Intel Core i9",
            "Hard disk size": "1 TB",
            "color": "red",
            "capacity": 2,
            "screen_size": 14
        }
    },
    {
        "id": 25,
        "name": "Apple MacBook Pro 1611-albert12",
        "data": {
            "year": "2030",
            "price": "1849.99",
            "CPU model": "Intel Core i9",
            "Hard disk size": "1 TB",
            "color": "red",
            "capacity": 2,
            "screen_size": 14
        }
    },
    {
        "id": 26,
        "name": "Apple MacBook Pro 16",
        "data": {
            "year": "2019",
            "price": "1849.99",
            "CPU model": "Intel Core i9",
            "Hard disk size": "1 TB",
            "color": "red",
            "capacity": 2,
            "screen_size": 14
        }
    },
    {
        "id": 27,
        "name": "Apple MacBook Pro 16",
        "data": {
            "year": "2019",
            "price": "1849.99",
            "CPU model": "Intel Core i9",
            "Hard disk size": "1 TB",
            "color": "red",
            "capacity": 2,
            "screen_size": 14
        }
    },
    {
        "id": 28,
        "name": "Apple MacBook Pro 16",
        "data": {
            "year": "2019",
            "price": "1849.99",
            "CPU model": "Intel Core i9",
            "Hard disk size": "1 TB",
            "color": "red",
            "capacity": 2,
            "screen_size": 14
        }
    },
    {
        "id": 72,
        "name": "Apple MacBook Pro 18",
        "data": {
            "year": "2019",
            "price": "1849.99",
            "CPU model": "Intel Core i9",
            "Hard disk size": "1 TB",
            "color": "blue",
            "capacity": 2,
            "screen_size": 14
        }
    },
    {
        "id": 30,
        "name": "Apple MacBook Pro 16",
        "data": {
            "year": "2019",
            "price": "1849.99",
            "CPU model": "Intel Core i9",
            "Hard disk size": "1 TB",
            "color": "red",
            "capacity": 2,
            "screen_size": 14
        }
    },
    {
        "id": 31,
        "name": "Apple MacBook Pro 16",
        "data": {
            "year": "2019",
            "price": "1849.99",
            "CPU model": "Intel Core i9",
            "Hard disk size": "1 TB",
            "color": "red",
            "capacity": 2,
            "screen_size": 14
        }
    },
    {
        "id": 66,
        "name": "Apple MacBook Pro 16",
        "data": {
            "year": "2019",
            "price": "1849.99",
            "CPU model": "Intel Core i9",
            "Hard disk size": "1 TB",
            "color": "red",
            "capacity": 2,
            "screen_size": 14
        }
    },
    {
        "id": 67,
        "name": "Apple MacBook Pro 16",
        "data": {
            "year": "2019",
            "price": "1849.99",
            "CPU model": "Intel Core i9",
            "Hard disk size": "1 TB",
            "color": "red",
            "capacity": 2,
            "screen_size": 14
        }
    },
    {
        "id": 37,
        "name": "Acer Aspire Lite AL14-52M-54V4 2025",
        "data": {
            "year": "2023",
            "price": "1000.87",
            "CPU model": "-",
            "Hard disk size": "1 TB SSD M2 NVME",
            "color": "Black",
            "capacity": null,
            "screen_size": 15.4
        }
    },
    {
        "id": 55,
        "name": "Apple MacBook Pro 16",
        "data": {
            "year": "2019",
            "price": "1849.99",
            "CPU model": "Intel Core i9",
            "Hard disk size": "1 TB",
            "color": "red",
            "capacity": 2,
            "screen_size": 14
        }
    },
    {
        "id": 32,
        "name": "Tab Galaxy S10",
        "data": {
            "year": "2025",
            "price": "1000.87",
            "CPU model": "-",
            "Hard disk size": "1 TB",
            "color": "Black",
            "capacity": null,
            "screen_size": 7
        }
    },
    {
        "id": 33,
        "name": "Apple MacBook Pro 16",
        "data": {
            "year": "2019",
            "price": "1849.99",
            "CPU model": "Intel Core i9",
            "Hard disk size": "1 TB",
            "color": "red",
            "capacity": 2,
            "screen_size": 14
        }
    },
    {
        "id": 34,
        "name": "Tab Galaxy S10",
        "data": {
            "year": "2025",
            "price": "1000.87",
            "CPU model": "-",
            "Hard disk size": "1 TB",
            "color": "Black",
            "capacity": null,
            "screen_size": 7
        }
    },
    {
        "id": 9,
        "name": "Apple MacBook Pro 1611-albert",
        "data": {
            "year": "null",
            "price": "1849.99",
            "CPU model": "null",
            "Hard disk size": "null",
            "color": "null",
            "capacity": null,
            "screen_size": null
        }
    },
    {
        "id": 56,
        "name": "Apple MacBook Pro 16",
        "data": {
            "year": "2019",
            "price": "1849.99",
            "CPU model": "Intel Core i9",
            "Hard disk size": "1 TB",
            "color": "red",
            "capacity": 2,
            "screen_size": 14
        }
    },
    {
        "id": 68,
        "name": "Apple MacBook Pro 16",
        "data": {
            "year": "2019",
            "price": "1849.99",
            "CPU model": "Intel Core i9",
            "Hard disk size": "1 TB",
            "color": "red",
            "capacity": 2,
            "screen_size": 14
        }
    },
    {
        "id": 7,
        "name": "Apple MacBook Pro 1611-albert",
        "data": {
            "year": "null",
            "price": "1849.99",
            "CPU model": "null",
            "Hard disk size": "null",
            "color": "null",
            "capacity": null,
            "screen_size": null
        }
    },
    {
        "id": 35,
        "name": "Tab Galaxy S10",
        "data": {
            "year": "2025",
            "price": "1000.87",
            "CPU model": "-",
            "Hard disk size": "1 TB",
            "color": "Black",
            "capacity": null,
            "screen_size": 7
        }
    },
    {
        "id": 11,
        "name": "Apple MacBook Pro 1611-albert",
        "data": {
            "year": "null",
            "price": "1849.99",
            "CPU model": "null",
            "Hard disk size": "null",
            "color": "null",
            "capacity": null,
            "screen_size": null
        }
    },
    {
        "id": 36,
        "name": "Tab Galaxy S10",
        "data": {
            "year": "2025",
            "price": "1000.87",
            "CPU model": "-",
            "Hard disk size": "1 TB",
            "color": "Black",
            "capacity": null,
            "screen_size": 7
        }
    },
    {
        "id": 38,
        "name": "Tab Galaxy S10",
        "data": {
            "year": "2025",
            "price": "1000.87",
            "CPU model": "-",
            "Hard disk size": "1 TB",
            "color": "Black",
            "capacity": null,
            "screen_size": 7
        }
    },
    {
        "id": 39,
        "name": "Tab Galaxy S10",
        "data": {
            "year": "2025",
            "price": "1000.87",
            "CPU model": "-",
            "Hard disk size": "1 TB",
            "color": "Black",
            "capacity": null,
            "screen_size": 7
        }
    },
    {
        "id": 16,
        "name": "Apple MacBook Pro 16",
        "data": {
            "year": "2019",
            "price": "1849.99",
            "CPU model": "Intel Core i9",
            "Hard disk size": "1 TB",
            "color": "red",
            "capacity": 2,
            "screen_size": 14
        }
    },
    {
        "id": 17,
        "name": "Apple MacBook Pro 16",
        "data": {
            "year": "2019",
            "price": "1849.99",
            "CPU model": "Intel Core i9",
            "Hard disk size": "1 TB",
            "color": "red",
            "capacity": 2,
            "screen_size": 14
        }
    },
    {
        "id": 40,
        "name": "Tab Galaxy S10",
        "data": {
            "year": "2025",
            "price": "1000.87",
            "CPU model": "-",
            "Hard disk size": "1 TB",
            "color": "Black",
            "capacity": null,
            "screen_size": 7
        }
    },
    {
        "id": 18,
        "name": "Apple MacBook Pro 16",
        "data": {
            "year": "2019",
            "price": "1849.99",
            "CPU model": "Intel Core i9",
            "Hard disk size": "1 TB",
            "color": "red",
            "capacity": 2,
            "screen_size": 14
        }
    },
    {
        "id": 57,
        "name": "Apple MacBook Pro 16",
        "data": {
            "year": "2019",
            "price": "1849.99",
            "CPU model": "Intel Core i9",
            "Hard disk size": "1 TB",
            "color": "red",
            "capacity": 2,
            "screen_size": 14
        }
    },
    {
        "id": 58,
        "name": "Apple MacBook Pro 16",
        "data": {
            "year": "2019",
            "price": "1849.99",
            "CPU model": "Intel Core i9",
            "Hard disk size": "1 TB",
            "color": "red",
            "capacity": 2,
            "screen_size": 14
        }
    },
    {
        "id": 64,
        "name": "Apple MacBook Pro 1611-albert12",
        "data": {
            "year": "2030",
            "price": "1849.99",
            "CPU model": "Intel Core i9",
            "Hard disk size": "1 TB",
            "color": "red",
            "capacity": 2,
            "screen_size": 14
        }
    },
    {
        "id": 59,
        "name": "Apple MacBook Pro 16",
        "data": {
            "year": "2019",
            "price": "1849.99",
            "CPU model": "Intel Core i9",
            "Hard disk size": "1 TB",
            "color": "red",
            "capacity": 2,
            "screen_size": 14
        }
    },
    {
        "id": 22,
        "name": "Apple MacBook Pro 16",
        "data": {
            "year": "2019",
            "price": "1849.99",
            "CPU model": "Intel Core i9",
            "Hard disk size": "1 TB",
            "color": "red",
            "capacity": 2,
            "screen_size": 14
        }
    },
    {
        "id": 60,
        "name": "Apple MacBook Pro 16",
        "data": {
            "year": "2019",
            "price": "1849.99",
            "CPU model": "Intel Core i9",
            "Hard disk size": "1 TB",
            "color": "red",
            "capacity": 2,
            "screen_size": 14
        }
    },
    {
        "id": 43,
        "name": "Tab Galaxy S10",
        "data": {
            "year": "2025",
            "price": "1000.87",
            "CPU model": "-",
            "Hard disk size": "1 TB",
            "color": "Black",
            "capacity": null,
            "screen_size": 7
        }
    },
    {
        "id": 44,
        "name": "Tab Galaxy S10",
        "data": {
            "year": "2025",
            "price": "1000.87",
            "CPU model": "-",
            "Hard disk size": "1 TB",
            "color": "Black",
            "capacity": null,
            "screen_size": 7
        }
    },
    {
        "id": 45,
        "name": "Tab Galaxy S10",
        "data": {
            "year": "2025",
            "price": "1000.87",
            "CPU model": "-",
            "Hard disk size": "1 TB",
            "color": "Black",
            "capacity": null,
            "screen_size": 7
        }
    },
    {
        "id": 46,
        "name": "Tab Galaxy S10",
        "data": {
            "year": "2025",
            "price": "1000.87",
            "CPU model": "-",
            "Hard disk size": "1 TB",
            "color": "Black",
            "capacity": null,
            "screen_size": 7
        }
    },
    {
        "id": 47,
        "name": "Tab Galaxy S10",
        "data": {
            "year": "2025",
            "price": "1000.87",
            "CPU model": "-",
            "Hard disk size": "1 TB",
            "color": "Black",
            "capacity": null,
            "screen_size": 7
        }
    },
    {
        "id": 48,
        "name": "Tab Galaxy S10",
        "data": {
            "year": "2025",
            "price": "1000.87",
            "CPU model": "-",
            "Hard disk size": "1 TB",
            "color": "Black",
            "capacity": null,
            "screen_size": 7
        }
    },
    {
        "id": 49,
        "name": "Tab Galaxy S10",
        "data": {
            "year": "2025",
            "price": "1000.87",
            "CPU model": "-",
            "Hard disk size": "1 TB",
            "color": "Black",
            "capacity": null,
            "screen_size": 7
        }
    },
    {
        "id": 50,
        "name": "Tab Galaxy S10",
        "data": {
            "year": "2025",
            "price": "1000.87",
            "CPU model": "-",
            "Hard disk size": "1 TB",
            "color": "Black",
            "capacity": null,
            "screen_size": 7
        }
    },
    {
        "id": 61,
        "name": "Apple MacBook Pro 16",
        "data": {
            "year": "2019",
            "price": "1849.99",
            "CPU model": "Intel Core i9",
            "Hard disk size": "1 TB",
            "color": "red",
            "capacity": 2,
            "screen_size": 14
        }
    },
    {
        "id": 62,
        "name": "Apple MacBook Pro 16",
        "data": {
            "year": "2019",
            "price": "1849.99",
            "CPU model": "Intel Core i9",
            "Hard disk size": "1 TB",
            "color": "red",
            "capacity": 2,
            "screen_size": 14
        }
    },
    {
        "id": 63,
        "name": "Apple MacBook Pro 16",
        "data": {
            "year": "2019",
            "price": "1849.99",
            "CPU model": "Intel Core i9",
            "Hard disk size": "1 TB",
            "color": "red",
            "capacity": 2,
            "screen_size": 14
        }
    },
    {
        "id": 71,
        "name": "Apple MacBook Pro 18",
        "data": {
            "year": "2019",
            "price": "1849.99",
            "CPU model": "Intel Core i9",
            "Hard disk size": "1 TB",
            "color": "blue",
            "capacity": 2,
            "screen_size": 14
        }
    },
    {
        "id": 73,
        "name": "Apple MacBook Pro 18",
        "data": {
            "year": "2019",
            "price": "1849.99",
            "CPU model": "Intel Core i9",
            "Hard disk size": "1 TB",
            "color": "blue",
            "capacity": 2,
            "screen_size": 14
        }
    },
    {
        "id": 74,
        "name": "Apple MacBook Pro 18",
        "data": {
            "year": "2019",
            "price": "1849.99",
            "CPU model": "Intel Core i9",
            "Hard disk size": "1 TB",
            "color": "blue",
            "capacity": 2,
            "screen_size": 14
        }
    },
    {
        "id": 75,
        "name": "Apple MacBook Pro 18",
        "data": {
            "year": "2019",
            "price": "1849.99",
            "CPU model": "Intel Core i9",
            "Hard disk size": "1 TB",
            "color": "blue",
            "capacity": 2,
            "screen_size": 14
        }
    },
    {
        "id": 76,
        "name": "Apple MacBook Pro 18",
        "data": {
            "year": "2019",
            "price": "1849.99",
            "CPU model": "Intel Core i9",
            "Hard disk size": "1 TB",
            "color": "blue",
            "capacity": 2,
            "screen_size": 14
        }
    },
    {
        "id": 77,
        "name": "Apple MacBook Pro 18",
        "data": {
            "year": "2019",
            "price": "1849.99",
            "CPU model": "Intel Core i9",
            "Hard disk size": "1 TB",
            "color": "blue",
            "capacity": 2,
            "screen_size": 14
        }
    },
    {
        "id": 78,
        "name": "Apple MacBook Pro 18",
        "data": {
            "year": "2019",
            "price": "1849.99",
            "CPU model": "Intel Core i9",
            "Hard disk size": "1 TB",
            "color": "blue",
            "capacity": 2,
            "screen_size": 14
        }
    },
    {
        "id": 79,
        "name": "Apple MacBook Pro 18",
        "data": {
            "year": "2019",
            "price": "1849.99",
            "CPU model": "Intel Core i9",
            "Hard disk size": "1 TB",
            "color": "blue",
            "capacity": 2,
            "screen_size": 14
        }
    },
    {
        "id": 80,
        "name": "Apple MacBook Pro 18",
        "data": {
            "year": "2019",
            "price": "1849.99",
            "CPU model": "Intel Core i9",
            "Hard disk size": "1 TB",
            "color": "blue",
            "capacity": 2,
            "screen_size": 14
        }
    },
    {
        "id": 83,
        "name": "Tab Galaxy S10",
        "data": {
            "year": "2025",
            "price": "1000.87",
            "CPU model": "-",
            "Hard disk size": "1 TB",
            "color": "Black",
            "capacity": null,
            "screen_size": 7
        }
    },
    {
        "id": 84,
        "name": "Apple MacBook Pro 16",
        "data": {
            "year": "2019",
            "price": "1849.99",
            "CPU model": "Intel Core i9",
            "Hard disk size": "1 TB",
            "color": "red",
            "capacity": 2,
            "screen_size": 14
        }
    },
    {
        "id": 85,
        "name": "Apple MacBook Pro 16",
        "data": {
            "year": "2019",
            "price": "1849.99",
            "CPU model": "Intel Core i9",
            "Hard disk size": "1 TB",
            "color": "red",
            "capacity": 2,
            "screen_size": 14
        }
    },
    {
        "id": 86,
        "name": "Apple MacBook Pro 16",
        "data": {
            "year": "2019",
            "price": "1849.99",
            "CPU model": "Intel Core i9",
            "Hard disk size": "1 TB",
            "color": "red",
            "capacity": 2,
            "screen_size": 14
        }
    },
    {
        "id": 87,
        "name": "Apple MacBook Pro 16",
        "data": {
            "year": "2019",
            "price": "1849.99",
            "CPU model": "Intel Core i9",
            "Hard disk size": "1 TB",
            "color": "red",
            "capacity": 2,
            "screen_size": 14
        }
    },
    {
        "id": 88,
        "name": "Apple MacBook Pro 16",
        "data": {
            "year": "2019",
            "price": "1849.99",
            "CPU model": "Intel Core i9",
            "Hard disk size": "1 TB",
            "color": "red",
            "capacity": 2,
            "screen_size": 14
        }
    },
    {
        "id": 90,
        "name": "Apple MacBook Pro 16",
        "data": {
            "year": "2019",
            "price": "1849.99",
            "CPU model": "Intel Core i9",
            "Hard disk size": "1 TB",
            "color": "red",
            "capacity": 2,
            "screen_size": 14
        }
    },
    {
        "id": 91,
        "name": "Apple MacBook Pro 16",
        "data": {
            "year": "2019",
            "price": "1849.99",
            "CPU model": "Intel Core i9",
            "Hard disk size": "1 TB",
            "color": "red",
            "capacity": 2,
            "screen_size": 14
        }
    },
    {
        "id": 122,
        "name": "Apple MacBook Pro 16",
        "data": {
            "year": "2019",
            "price": "1849.99",
            "CPU model": "Intel Core i9",
            "Hard disk size": "1 TB",
            "color": "red",
            "capacity": 2,
            "screen_size": 14
        }
    },
    {
        "id": 123,
        "name": "Apple MacBook Pro 16",
        "data": {
            "year": "2019",
            "price": "1849.99",
            "CPU model": "Intel Core i9",
            "Hard disk size": "1 TB",
            "color": "red",
            "capacity": 2,
            "screen_size": 14
        }
    },
    {
        "id": 124,
        "name": "Tab Galaxy S10",
        "data": {
            "year": "2025",
            "price": "1000.87",
            "CPU model": "-",
            "Hard disk size": "1 TB",
            "color": "Black",
            "capacity": null,
            "screen_size": 7
        }
    },
    {
        "id": 93,
        "name": "Lenovo K14",
        "data": {
            "year": "2024",
            "price": "1849.99",
            "CPU model": "Intel Core i9",
            "Hard disk size": "1 TB",
            "color": "black",
            "capacity": 2,
            "screen_size": 14
        }
    },
    {
        "id": 125,
        "name": "Samsung Flip 17",
        "data": {
            "year": "2029",
            "price": "20987.72",
            "CPU model": "Exynos",
            "Hard disk size": "1 TB",
            "color": "Black",
            "capacity": null,
            "screen_size": 7
        }
    },
    {
        "id": 126,
        "name": "Tab Galaxy S10",
        "data": {
            "year": "2025",
            "price": "1000.87",
            "CPU model": "-",
            "Hard disk size": "1 TB",
            "color": "Black",
            "capacity": null,
            "screen_size": 7
        }
    },
    {
        "id": 95,
        "name": "Lenovo K14-AB",
        "data": {
            "year": "2024",
            "price": "1849.99",
            "CPU model": "Intel Core i9",
            "Hard disk size": "1 TB",
            "color": "black",
            "capacity": 2,
            "screen_size": 14
        }
    },
    {
        "id": 94,
        "name": "Apple MacBook Pro 1611-albert12",
        "data": {
            "year": "2030",
            "price": "1849.99",
            "CPU model": "Intel Core i9",
            "Hard disk size": "1 TB",
            "color": "red",
            "capacity": 2,
            "screen_size": 14
        }
    },
    {
        "id": 96,
        "name": "Tab Galaxy S10",
        "data": {
            "year": "2025",
            "price": "1000.87",
            "CPU model": "-",
            "Hard disk size": "1 TB",
            "color": "Black",
            "capacity": null,
            "screen_size": 7
        }
    },
    {
        "id": 98,
        "name": "Tab Galaxy S10",
        "data": {
            "year": "2025",
            "price": "1000.87",
            "CPU model": "-",
            "Hard disk size": "1 TB",
            "color": "Black",
            "capacity": null,
            "screen_size": 7
        }
    },
    {
        "id": 99,
        "name": "Tab Galaxy S10",
        "data": {
            "year": "2025",
            "price": "1000.87",
            "CPU model": "-",
            "Hard disk size": "1 TB",
            "color": "Black",
            "capacity": null,
            "screen_size": 7
        }
    },
    {
        "id": 127,
        "name": "Samsung Flip 17",
        "data": {
            "year": "2029",
            "price": "20987.72",
            "CPU model": "Exynos",
            "Hard disk size": "1 TB",
            "color": "Black",
            "capacity": null,
            "screen_size": 7
        }
    },
    {
        "id": 100,
        "name": "Tab Galaxy S10",
        "data": {
            "year": "2025",
            "price": "1000.87",
            "CPU model": "-",
            "Hard disk size": "1 TB",
            "color": "Black",
            "capacity": null,
            "screen_size": 7
        }
    },
    {
        "id": 128,
        "name": "Samsung Flip 17",
        "data": {
            "year": "2029",
            "price": "20987.72",
            "CPU model": "Exynos",
            "Hard disk size": "1 TB",
            "color": "Black",
            "capacity": null,
            "screen_size": 7
        }
    },
    {
        "id": 101,
        "name": "Apple MacBook Pro 160-DianaPunya",
        "data": {
            "year": "2027",
            "price": "1849.99",
            "CPU model": "Intel Core i9",
            "Hard disk size": "1 TB",
            "color": "red",
            "capacity": 2,
            "screen_size": 14
        }
    },
    {
        "id": 129,
        "name": "Samsung Flip 17",
        "data": {
            "year": "2029",
            "price": "20987.72",
            "CPU model": "Exynos",
            "Hard disk size": "2 GB",
            "color": "Purple",
            "capacity": 120,
            "screen_size": 7.6
        }
    },
    {
        "id": 130,
        "name": "Samsung Flip 17",
        "data": {
            "year": "2029",
            "price": "20987.72",
            "CPU model": "Exynos",
            "Hard disk size": "2 GB",
            "color": "Purple",
            "capacity": 120,
            "screen_size": 7.6
        }
    },
    {
        "id": 103,
        "name": "Apple MacBook Pro Zahwa",
        "data": {
            "year": "2035",
            "price": "1849.99",
            "CPU model": "Intel Core i9",
            "Hard disk size": "1 TB",
            "color": "red",
            "capacity": 2,
            "screen_size": 14
        }
    },
    {
        "id": 131,
        "name": "Samsung Flip 17",
        "data": {
            "year": "2029",
            "price": "20987.72",
            "CPU model": "Exynos",
            "Hard disk size": "2 GB",
            "color": "Purple",
            "capacity": 120,
            "screen_size": 7.6
        }
    },
    {
        "id": 105,
        "name": "Apple MacBook Pro 16 Yuana Updated2",
        "data": {
            "year": "2030",
            "price": "2000",
            "CPU model": "Intel Core i9",
            "Hard disk size": "1 TB",
            "color": "green",
            "capacity": 2,
            "screen_size": 16
        }
    },
    {
        "id": 104,
        "name": "Lenovo Thinkpad T14s - Drajatp",
        "data": {
            "year": "2024",
            "price": "2049.99",
            "CPU model": "Intel vPRO Enterprise",
            "Hard disk size": "500 GB",
            "color": "black",
            "capacity": 4,
            "screen_size": 14
        }
    },
    {
        "id": 107,
        "name": "Apple MacBook Air M1 azhar partially update",
        "data": {
            "year": "2020",
            "price": "999",
            "CPU model": "Apple M1 partially update",
            "Hard disk size": "256 GB",
            "color": "space grey",
            "capacity": 8,
            "screen_size": 13
        }
    },
    {
        "id": 132,
        "name": "Samsung Flip 17",
        "data": {
            "year": "2029",
            "price": "20987.72",
            "CPU model": "Exynos",
            "Hard disk size": "2 GB",
            "color": "Purple",
            "capacity": 120,
            "screen_size": 7.6
        }
    },
    {
        "id": 110,
        "name": "Apple MacBook Pro 16",
        "data": {
            "year": "2019",
            "price": "1849.99",
            "CPU model": "Intel Core i9",
            "Hard disk size": "1 TB",
            "color": "red",
            "capacity": 2,
            "screen_size": 14
        }
    },
    {
        "id": 111,
        "name": "Apple MacBook Pro 16",
        "data": {
            "year": "2019",
            "price": "1849.99",
            "CPU model": "Intel Core i9",
            "Hard disk size": "1 TB",
            "color": "red",
            "capacity": 2,
            "screen_size": 14
        }
    },
    {
        "id": 112,
        "name": "Apple MacBook Pro 16",
        "data": {
            "year": "2019",
            "price": "1849.99",
            "CPU model": "Intel Core i9",
            "Hard disk size": "1 TB",
            "color": "red",
            "capacity": 2,
            "screen_size": 14
        }
    },
    {
        "id": 113,
        "name": "Apple MacBook Pro 16",
        "data": {
            "year": "2019",
            "price": "1849.99",
            "CPU model": "Intel Core i9",
            "Hard disk size": "1 TB",
            "color": "red",
            "capacity": 2,
            "screen_size": 14
        }
    },
    {
        "id": 114,
        "name": "Apple MacBook Pro 16",
        "data": {
            "year": "2019",
            "price": "1849.99",
            "CPU model": "Intel Core i9",
            "Hard disk size": "1 TB",
            "color": "red",
            "capacity": 2,
            "screen_size": 14
        }
    },
    {
        "id": 115,
        "name": "Apple MacBook Pro 16",
        "data": {
            "year": "2019",
            "price": "1849.99",
            "CPU model": "Intel Core i9",
            "Hard disk size": "1 TB",
            "color": "red",
            "capacity": 2,
            "screen_size": 14
        }
    },
    {
        "id": 116,
        "name": "Apple MacBook Pro 16",
        "data": {
            "year": "2019",
            "price": "1849.99",
            "CPU model": "Intel Core i9",
            "Hard disk size": "1 TB",
            "color": "red",
            "capacity": 2,
            "screen_size": 14
        }
    },
    {
        "id": 117,
        "name": "Apple MacBook Pro 16",
        "data": {
            "year": "2019",
            "price": "1849.99",
            "CPU model": "Intel Core i9",
            "Hard disk size": "1 TB",
            "color": "red",
            "capacity": 2,
            "screen_size": 14
        }
    },
    {
        "id": 118,
        "name": "Apple MacBook Pro 16",
        "data": {
            "year": "2019",
            "price": "1849.99",
            "CPU model": "Intel Core i9",
            "Hard disk size": "1 TB",
            "color": "red",
            "capacity": 2,
            "screen_size": 14
        }
    },
    {
        "id": 119,
        "name": "Apple MacBook Pro 16",
        "data": {
            "year": "2019",
            "price": "1849.99",
            "CPU model": "Intel Core i9",
            "Hard disk size": "1 TB",
            "color": "red",
            "capacity": 2,
            "screen_size": 14
        }
    },
    {
        "id": 120,
        "name": "Apple MacBook Pro 16",
        "data": {
            "year": "2019",
            "price": "1849.99",
            "CPU model": "Intel Core i9",
            "Hard disk size": "1 TB",
            "color": "red",
            "capacity": 2,
            "screen_size": 14
        }
    },
    {
        "id": 121,
        "name": "Apple MacBook Pro 16",
        "data": {
            "year": "2019",
            "price": "1849.99",
            "CPU model": "Intel Core i9",
            "Hard disk size": "1 TB",
            "color": "red",
            "capacity": 2,
            "screen_size": 14
        }
    },
    {
        "id": 133,
        "name": "Samsung Flip 17",
        "data": {
            "year": "2029",
            "price": "20987.72",
            "CPU model": "Exynos",
            "Hard disk size": "2 GB",
            "color": "Purple",
            "capacity": 120,
            "screen_size": 7.6
        }
    },
    {
        "id": 134,
        "name": "Samsung Flip 17",
        "data": {
            "year": "2029",
            "price": "20987.72",
            "CPU model": "Exynos",
            "Hard disk size": "2 GB",
            "color": "Purple",
            "capacity": 120,
            "screen_size": 7.6
        }
    },
    {
        "id": 135,
        "name": "Samsung Flip 17",
        "data": {
            "year": "2029",
            "price": "20987.72",
            "CPU model": "Exynos",
            "Hard disk size": "2 GB",
            "color": "Purple",
            "capacity": 120,
            "screen_size": 7.6
        }
    },
    {
        "id": 136,
        "name": "Samsung Flip 17",
        "data": {
            "year": "2029",
            "price": "20987.72",
            "CPU model": "Exynos",
            "Hard disk size": "2 GB",
            "color": "Purple",
            "capacity": 120,
            "screen_size": 7.6
        }
    },
    {
        "id": 137,
        "name": "Samsung Flip 17",
        "data": {
            "year": "2029",
            "price": "20987.72",
            "CPU model": "Exynos",
            "Hard disk size": "2 GB",
            "color": "Purple",
            "capacity": 120,
            "screen_size": 7.6
        }
    },
    {
        "id": 138,
        "name": "Samsung Flip 17",
        "data": {
            "year": "2029",
            "price": "20987.72",
            "CPU model": "Exynos",
            "Hard disk size": "2 GB",
            "color": "Purple",
            "capacity": 120,
            "screen_size": 7.6
        }
    },
    {
        "id": 139,
        "name": "Samsung Flip 17",
        "data": {
            "year": "2029",
            "price": "20987.72",
            "CPU model": "Exynos",
            "Hard disk size": "2 GB",
            "color": "Purple",
            "capacity": 120,
            "screen_size": 7.6
        }
    },
    {
        "id": 140,
        "name": "Samsung Flip 17",
        "data": {
            "year": "2029",
            "price": "20987.72",
            "CPU model": "Exynos",
            "Hard disk size": "2 GB",
            "color": "Purple",
            "capacity": 120,
            "screen_size": 7.6
        }
    },
    {
        "id": 141,
        "name": "Samsung Flip 17",
        "data": {
            "year": "2029",
            "price": "20987.72",
            "CPU model": "Exynos",
            "Hard disk size": "2 GB",
            "color": "Purple",
            "capacity": 120,
            "screen_size": 7.6
        }
    },
    {
        "id": 142,
        "name": "[PROMO] Galaxy S10",
        "data": {
            "year": "2030",
            "price": "1000.87",
            "CPU model": "-",
            "Hard disk size": "1 TB",
            "color": "Black",
            "capacity": null,
            "screen_size": 7
        }
    },
    {
        "id": 143,
        "name": "[PROMO] Galaxy S10",
        "data": {
            "year": "2030",
            "price": "1000.87",
            "CPU model": "-",
            "Hard disk size": "1 TB",
            "color": "Black",
            "capacity": null,
            "screen_size": 7
        }
    },
    {
        "id": 147,
        "name": "Tab Galaxy S10",
        "data": {
            "year": "2025",
            "price": "1000.87",
            "CPU model": "-",
            "Hard disk size": "1 TB",
            "color": "Black",
            "capacity": null,
            "screen_size": 7
        }
    },
    {
        "id": 148,
        "name": "Tab Galaxy S10",
        "data": {
            "year": "2025",
            "price": "1000.87",
            "CPU model": "-",
            "Hard disk size": "1 TB",
            "color": "Black",
            "capacity": null,
            "screen_size": 7
        }
    },
    {
        "id": 149,
        "name": "Tab Galaxy S10",
        "data": {
            "year": "2025",
            "price": "1000.87",
            "CPU model": "-",
            "Hard disk size": "1 TB",
            "color": "Black",
            "capacity": null,
            "screen_size": 7
        }
    },
    {
        "id": 152,
        "name": "Tab Galaxy S10",
        "data": {
            "year": "2025",
            "price": "1000.87",
            "CPU model": "iOS 17",
            "Hard disk size": "1 TB",
            "color": "Black",
            "capacity": 255,
            "screen_size": 7
        }
    },
    {
        "id": 153,
        "name": "Tab Galaxy S10",
        "data": {
            "year": "2025",
            "price": "1000.87",
            "CPU model": "iOS 17",
            "Hard disk size": "1 TB",
            "color": "Black",
            "capacity": 255,
            "screen_size": 7
        }
    },
    {
        "id": 154,
        "name": "Tab Galaxy S10",
        "data": {
            "year": "2025",
            "price": "1000.87",
            "CPU model": "iOS 17",
            "Hard disk size": "1 TB",
            "color": "Black",
            "capacity": 255,
            "screen_size": 7
        }
    },
    {
        "id": 160,
        "name": "Tab Galaxy S10",
        "data": {
            "year": "2025",
            "price": "1000.87",
            "CPU model": "iOS 17",
            "Hard disk size": "1 TB",
            "color": "Black",
            "capacity": 255,
            "screen_size": 7
        }
    },
    {
        "id": 156,
        "name": "Tab Galaxy S10",
        "data": {
            "year": "2025",
            "price": "1000.87",
            "CPU model": "iOS 17",
            "Hard disk size": "1 TB",
            "color": "Black",
            "capacity": 255,
            "screen_size": 7
        }
    },
    {
        "id": 157,
        "name": "Tab Galaxy S10",
        "data": {
            "year": "2025",
            "price": "1000.87",
            "CPU model": "iOS 17",
            "Hard disk size": "1 TB",
            "color": "Black",
            "capacity": 255,
            "screen_size": 7
        }
    },
    {
        "id": 158,
        "name": "Tab Galaxy S10",
        "data": {
            "year": "2025",
            "price": "1000.87",
            "CPU model": "iOS 17",
            "Hard disk size": "1 TB",
            "color": "Black",
            "capacity": 255,
            "screen_size": 7
        }
    },
    {
        "id": 161,
        "name": "Tab Galaxy S10",
        "data": {
            "year": "2025",
            "price": "1000.87",
            "CPU model": "iOS 17",
            "Hard disk size": "1 TB",
            "color": "Black",
            "capacity": 255,
            "screen_size": 7
        }
    },
    {
        "id": 159,
        "name": "Tab Galaxy S10",
        "data": {
            "year": "2025",
            "price": "1000.87",
            "CPU model": "iOS 17",
            "Hard disk size": "1 TB",
            "color": "Black",
            "capacity": 255,
            "screen_size": 7
        }
    },
    {
        "id": 155,
        "name": "Apple MacBook Pro 25 - Alifa Partially Updated",
        "data": {
            "year": "2024",
            "price": "1999.99",
            "CPU model": "M5",
            "Hard disk size": "2 TB",
            "color": "grey",
            "capacity": 1,
            "screen_size": 13
        }
    },
    {
        "id": 162,
        "name": "Tab Galaxy S10",
        "data": {
            "year": "2025",
            "price": "1000.87",
            "CPU model": "iOS 17",
            "Hard disk size": "1 TB",
            "color": "Black",
            "capacity": 255,
            "screen_size": 7
        }
    },
    {
        "id": 163,
        "name": "Tab Galaxy S10",
        "data": {
            "year": "2025",
            "price": "1000.87",
            "CPU model": "iOS 17",
            "Hard disk size": "1 TB",
            "color": "Black",
            "capacity": 255,
            "screen_size": 7
        }
    },
    {
        "id": 164,
        "name": "Apple MacBook Pro 16",
        "data": {
            "year": "2019",
            "price": "1849.99",
            "CPU model": "Intel Core i9",
            "Hard disk size": "1 TB",
            "color": "red",
            "capacity": 2,
            "screen_size": 14
        }
    },
    {
        "id": 165,
        "name": "Apple MacBook Pro 16",
        "data": {
            "year": "2019",
            "price": "1849.99",
            "CPU model": "Intel Core i9",
            "Hard disk size": "1 TB",
            "color": "red",
            "capacity": 2,
            "screen_size": 14
        }
    },
    {
        "id": 166,
        "name": "Apple MacBook Pro 16",
        "data": {
            "year": "2019",
            "price": "1849.99",
            "CPU model": "Intel Core i9",
            "Hard disk size": "1 TB",
            "color": "red",
            "capacity": 2,
            "screen_size": 14
        }
    },
    {
        "id": 167,
        "name": "Apple MacBook Pro 16",
        "data": {
            "year": "2019",
            "price": "1849.99",
            "CPU model": "Intel Core i9",
            "Hard disk size": "1 TB",
            "color": "red",
            "capacity": 2,
            "screen_size": 14
        }
    },
    {
        "id": 171,
        "name": "Samsung Flip 17",
        "data": {
            "year": "2029",
            "price": "20987.72",
            "CPU model": "Exynos",
            "Hard disk size": "2 GB",
            "color": "Purple",
            "capacity": 120,
            "screen_size": 7.6
        }
    },
    {
        "id": 172,
        "name": "Samsung Flip 17",
        "data": {
            "year": "2029",
            "price": "20987.72",
            "CPU model": "Exynos",
            "Hard disk size": "2 GB",
            "color": "Purple",
            "capacity": 120,
            "screen_size": 7.6
        }
    },
    {
        "id": 173,
        "name": "Samsung Flip 17",
        "data": {
            "year": "2029",
            "price": "20987.72",
            "CPU model": "Exynos",
            "Hard disk size": "2 GB",
            "color": "Purple",
            "capacity": 120,
            "screen_size": 7.6
        }
    },
    {
        "id": 174,
        "name": "Samsung Flip 17",
        "data": {
            "year": "2029",
            "price": "20987.72",
            "CPU model": "Exynos",
            "Hard disk size": "2 GB",
            "color": "Purple",
            "capacity": 120,
            "screen_size": 7.6
        }
    },
    {
        "id": 175,
        "name": "Samsung Flip 17",
        "data": {
            "year": "2029",
            "price": "20987.72",
            "CPU model": "Exynos",
            "Hard disk size": "2 GB",
            "color": "Purple",
            "capacity": 120,
            "screen_size": 7.6
        }
    },
    {
        "id": 182,
        "name": "Apple MacBook Pro 16",
        "data": {
            "year": "2019",
            "price": "1849.99",
            "CPU model": "Intel Core i9",
            "Hard disk size": "1 TB",
            "color": "red",
            "capacity": 2,
            "screen_size": 14
        }
    },
    {
        "id": 179,
        "name": "Apple MacBook Pro 15",
        "data": {
            "year": "2030",
            "price": "1500.99",
            "CPU model": "Apple M4",
            "Hard disk size": "2 TB",
            "color": "white",
            "capacity": 2,
            "screen_size": 14
        }
    }
]
]]></system-out>
  </testcase>
  <testcase name="PartiallyUpdateObject" classname="restassured.RestAssuredImpl" time="0.236">
    <system-out><![CDATA[Request method:	PATCH
Request URI:	https://whitesmokehouse.com/webhook/39a0f904-b0f2-4428-80a3-391cea5d7d04/api/object/13
Proxy:			<none>
Request params:	<none>
Query params:	<none>
Form params:	<none>
Path params:	<none>
Headers:		Authorization=Bearer eyJhbGciOiJIUzI1NiIsInR5cCI6IkpXVCJ9.eyJpZCI6IjU4IiwiaWF0IjoxNzQ3NTQyMzg0fQ.0qR4baNsZA0b5RrN_L_RIGxkK4Dipuj5d-XcDSHwvSQ
				Accept=*/*
				Content-Type=application/json
Cookies:		<none>
Multiparts:		<none>
Body:
{
    "name": "Apple MacBook Pro 1611-daffa",
    "year": "2030"
}
Response: {
    "id": 13,
    "name": "Apple MacBook Pro 1611-daffa",
    "data": {
        "year": "2030",
        "price": "1849.99",
        "cpu_model": "Intel Core i9",
        "hard_disk_size": "1 TB",
        "color": "red",
        "capacity": "2 cpu",
        "screen_size": "14 Inch"
    }
}
]]></system-out>
  </testcase>
  <testcase name="SingleObject" classname="restassured.RestAssuredImpl" time="0.134">
    <system-out><![CDATA[Request method:	GET
Request URI:	https://whitesmokehouse.com/webhook/8749129e-f5f7-4ae6-9b03-93be7252443c/api/objects/12
Proxy:			<none>
Request params:	<none>
Query params:	<none>
Form params:	<none>
Path params:	<none>
Headers:		Authorization=Bearer eyJhbGciOiJIUzI1NiIsInR5cCI6IkpXVCJ9.eyJpZCI6IjU4IiwiaWF0IjoxNzQ3NTQyMzg0fQ.0qR4baNsZA0b5RrN_L_RIGxkK4Dipuj5d-XcDSHwvSQ
				Accept=*/*
				Content-Type=application/json
Cookies:		<none>
Multiparts:		<none>
Body:			<none>
Response: {
    
}
]]></system-out>
  </testcase>
  <testcase name="testGetAllDepartments" classname="restassured.RestAssuredImpl" time="0.194">
    <system-out><![CDATA[Request method:	GET
Request URI:	https://whitesmokehouse.com/webhook/api/department
Proxy:			<none>
Request params:	<none>
Query params:	<none>
Form params:	<none>
Path params:	<none>
Headers:		Authorization=Bearer eyJhbGciOiJIUzI1NiIsInR5cCI6IkpXVCJ9.eyJpZCI6IjU4IiwiaWF0IjoxNzQ3NTQyMzg0fQ.0qR4baNsZA0b5RrN_L_RIGxkK4Dipuj5d-XcDSHwvSQ
				Accept=*/*
				Content-Type=application/json
Cookies:		<none>
Multiparts:		<none>
Body:			<none>
Response: [
    {
        "id": 1,
        "department": "manager"
    },
    {
        "id": 2,
        "department": "marketing"
    },
    {
        "id": 3,
        "department": "sales"
    },
    {
        "id": 4,
        "department": "store manager"
    },
    {
        "id": 5,
        "department": "branch manager"
    },
    {
        "id": 6,
        "department": "branch manager"
    }
]
]]></system-out>
  </testcase>
  <testcase name="testGetListAllObjects" classname="restassured.RestAssuredImpl" time="0.219">
    <system-out><![CDATA[Request method:	GET
Request URI:	https://whitesmokehouse.com/webhook/api/objects
Proxy:			<none>
Request params:	<none>
Query params:	<none>
Form params:	<none>
Path params:	<none>
Headers:		Authorization=Bearer eyJhbGciOiJIUzI1NiIsInR5cCI6IkpXVCJ9.eyJpZCI6IjU4IiwiaWF0IjoxNzQ3NTQyMzg0fQ.0qR4baNsZA0b5RrN_L_RIGxkK4Dipuj5d-XcDSHwvSQ
				Accept=*/*
				Content-Type=application/json
Cookies:		<none>
Multiparts:		<none>
Body:			<none>
Response: [
    {
        "id": 21,
        "name": "Asus VivoBook X1404VA-NK467",
        "data": {
            "year": "2024",
            "price": "7000000",
            "CPU model": "Intel Core i5-1335U CPU @ 1.30 Ghz Up to 4.6 GHz",
            "Hard disk size": "512GB SSD M2 NVMe",
            "color": "black",
            "capacity": 10,
            "screen_size": 14
        }
    },
    {
        "id": 13,
        "name": "Apple MacBook Pro 1611-daffa",
        "data": {
            "year": "2030",
            "price": "1849.99",
            "CPU model": "Intel Core i9",
            "Hard disk size": "1 TB",
            "color": "red",
            "capacity": 2,
            "screen_size": 14
        }
    },
    {
        "id": 25,
        "name": "Apple MacBook Pro 1611-albert12",
        "data": {
            "year": "2030",
            "price": "1849.99",
            "CPU model": "Intel Core i9",
            "Hard disk size": "1 TB",
            "color": "red",
            "capacity": 2,
            "screen_size": 14
        }
    },
    {
        "id": 26,
        "name": "Apple MacBook Pro 16",
        "data": {
            "year": "2019",
            "price": "1849.99",
            "CPU model": "Intel Core i9",
            "Hard disk size": "1 TB",
            "color": "red",
            "capacity": 2,
            "screen_size": 14
        }
    },
    {
        "id": 27,
        "name": "Apple MacBook Pro 16",
        "data": {
            "year": "2019",
            "price": "1849.99",
            "CPU model": "Intel Core i9",
            "Hard disk size": "1 TB",
            "color": "red",
            "capacity": 2,
            "screen_size": 14
        }
    },
    {
        "id": 28,
        "name": "Apple MacBook Pro 16",
        "data": {
            "year": "2019",
            "price": "1849.99",
            "CPU model": "Intel Core i9",
            "Hard disk size": "1 TB",
            "color": "red",
            "capacity": 2,
            "screen_size": 14
        }
    },
    {
        "id": 72,
        "name": "Apple MacBook Pro 18",
        "data": {
            "year": "2019",
            "price": "1849.99",
            "CPU model": "Intel Core i9",
            "Hard disk size": "1 TB",
            "color": "blue",
            "capacity": 2,
            "screen_size": 14
        }
    },
    {
        "id": 30,
        "name": "Apple MacBook Pro 16",
        "data": {
            "year": "2019",
            "price": "1849.99",
            "CPU model": "Intel Core i9",
            "Hard disk size": "1 TB",
            "color": "red",
            "capacity": 2,
            "screen_size": 14
        }
    },
    {
        "id": 31,
        "name": "Apple MacBook Pro 16",
        "data": {
            "year": "2019",
            "price": "1849.99",
            "CPU model": "Intel Core i9",
            "Hard disk size": "1 TB",
            "color": "red",
            "capacity": 2,
            "screen_size": 14
        }
    },
    {
        "id": 66,
        "name": "Apple MacBook Pro 16",
        "data": {
            "year": "2019",
            "price": "1849.99",
            "CPU model": "Intel Core i9",
            "Hard disk size": "1 TB",
            "color": "red",
            "capacity": 2,
            "screen_size": 14
        }
    },
    {
        "id": 67,
        "name": "Apple MacBook Pro 16",
        "data": {
            "year": "2019",
            "price": "1849.99",
            "CPU model": "Intel Core i9",
            "Hard disk size": "1 TB",
            "color": "red",
            "capacity": 2,
            "screen_size": 14
        }
    },
    {
        "id": 37,
        "name": "Acer Aspire Lite AL14-52M-54V4 2025",
        "data": {
            "year": "2023",
            "price": "1000.87",
            "CPU model": "-",
            "Hard disk size": "1 TB SSD M2 NVME",
            "color": "Black",
            "capacity": null,
            "screen_size": 15.4
        }
    },
    {
        "id": 55,
        "name": "Apple MacBook Pro 16",
        "data": {
            "year": "2019",
            "price": "1849.99",
            "CPU model": "Intel Core i9",
            "Hard disk size": "1 TB",
            "color": "red",
            "capacity": 2,
            "screen_size": 14
        }
    },
    {
        "id": 32,
        "name": "Tab Galaxy S10",
        "data": {
            "year": "2025",
            "price": "1000.87",
            "CPU model": "-",
            "Hard disk size": "1 TB",
            "color": "Black",
            "capacity": null,
            "screen_size": 7
        }
    },
    {
        "id": 33,
        "name": "Apple MacBook Pro 16",
        "data": {
            "year": "2019",
            "price": "1849.99",
            "CPU model": "Intel Core i9",
            "Hard disk size": "1 TB",
            "color": "red",
            "capacity": 2,
            "screen_size": 14
        }
    },
    {
        "id": 34,
        "name": "Tab Galaxy S10",
        "data": {
            "year": "2025",
            "price": "1000.87",
            "CPU model": "-",
            "Hard disk size": "1 TB",
            "color": "Black",
            "capacity": null,
            "screen_size": 7
        }
    },
    {
        "id": 9,
        "name": "Apple MacBook Pro 1611-albert",
        "data": {
            "year": "null",
            "price": "1849.99",
            "CPU model": "null",
            "Hard disk size": "null",
            "color": "null",
            "capacity": null,
            "screen_size": null
        }
    },
    {
        "id": 56,
        "name": "Apple MacBook Pro 16",
        "data": {
            "year": "2019",
            "price": "1849.99",
            "CPU model": "Intel Core i9",
            "Hard disk size": "1 TB",
            "color": "red",
            "capacity": 2,
            "screen_size": 14
        }
    },
    {
        "id": 68,
        "name": "Apple MacBook Pro 16",
        "data": {
            "year": "2019",
            "price": "1849.99",
            "CPU model": "Intel Core i9",
            "Hard disk size": "1 TB",
            "color": "red",
            "capacity": 2,
            "screen_size": 14
        }
    },
    {
        "id": 7,
        "name": "Apple MacBook Pro 1611-albert",
        "data": {
            "year": "null",
            "price": "1849.99",
            "CPU model": "null",
            "Hard disk size": "null",
            "color": "null",
            "capacity": null,
            "screen_size": null
        }
    },
    {
        "id": 35,
        "name": "Tab Galaxy S10",
        "data": {
            "year": "2025",
            "price": "1000.87",
            "CPU model": "-",
            "Hard disk size": "1 TB",
            "color": "Black",
            "capacity": null,
            "screen_size": 7
        }
    },
    {
        "id": 11,
        "name": "Apple MacBook Pro 1611-albert",
        "data": {
            "year": "null",
            "price": "1849.99",
            "CPU model": "null",
            "Hard disk size": "null",
            "color": "null",
            "capacity": null,
            "screen_size": null
        }
    },
    {
        "id": 36,
        "name": "Tab Galaxy S10",
        "data": {
            "year": "2025",
            "price": "1000.87",
            "CPU model": "-",
            "Hard disk size": "1 TB",
            "color": "Black",
            "capacity": null,
            "screen_size": 7
        }
    },
    {
        "id": 38,
        "name": "Tab Galaxy S10",
        "data": {
            "year": "2025",
            "price": "1000.87",
            "CPU model": "-",
            "Hard disk size": "1 TB",
            "color": "Black",
            "capacity": null,
            "screen_size": 7
        }
    },
    {
        "id": 39,
        "name": "Tab Galaxy S10",
        "data": {
            "year": "2025",
            "price": "1000.87",
            "CPU model": "-",
            "Hard disk size": "1 TB",
            "color": "Black",
            "capacity": null,
            "screen_size": 7
        }
    },
    {
        "id": 16,
        "name": "Apple MacBook Pro 16",
        "data": {
            "year": "2019",
            "price": "1849.99",
            "CPU model": "Intel Core i9",
            "Hard disk size": "1 TB",
            "color": "red",
            "capacity": 2,
            "screen_size": 14
        }
    },
    {
        "id": 17,
        "name": "Apple MacBook Pro 16",
        "data": {
            "year": "2019",
            "price": "1849.99",
            "CPU model": "Intel Core i9",
            "Hard disk size": "1 TB",
            "color": "red",
            "capacity": 2,
            "screen_size": 14
        }
    },
    {
        "id": 40,
        "name": "Tab Galaxy S10",
        "data": {
            "year": "2025",
            "price": "1000.87",
            "CPU model": "-",
            "Hard disk size": "1 TB",
            "color": "Black",
            "capacity": null,
            "screen_size": 7
        }
    },
    {
        "id": 18,
        "name": "Apple MacBook Pro 16",
        "data": {
            "year": "2019",
            "price": "1849.99",
            "CPU model": "Intel Core i9",
            "Hard disk size": "1 TB",
            "color": "red",
            "capacity": 2,
            "screen_size": 14
        }
    },
    {
        "id": 57,
        "name": "Apple MacBook Pro 16",
        "data": {
            "year": "2019",
            "price": "1849.99",
            "CPU model": "Intel Core i9",
            "Hard disk size": "1 TB",
            "color": "red",
            "capacity": 2,
            "screen_size": 14
        }
    },
    {
        "id": 58,
        "name": "Apple MacBook Pro 16",
        "data": {
            "year": "2019",
            "price": "1849.99",
            "CPU model": "Intel Core i9",
            "Hard disk size": "1 TB",
            "color": "red",
            "capacity": 2,
            "screen_size": 14
        }
    },
    {
        "id": 64,
        "name": "Apple MacBook Pro 1611-albert12",
        "data": {
            "year": "2030",
            "price": "1849.99",
            "CPU model": "Intel Core i9",
            "Hard disk size": "1 TB",
            "color": "red",
            "capacity": 2,
            "screen_size": 14
        }
    },
    {
        "id": 59,
        "name": "Apple MacBook Pro 16",
        "data": {
            "year": "2019",
            "price": "1849.99",
            "CPU model": "Intel Core i9",
            "Hard disk size": "1 TB",
            "color": "red",
            "capacity": 2,
            "screen_size": 14
        }
    },
    {
        "id": 22,
        "name": "Apple MacBook Pro 16",
        "data": {
            "year": "2019",
            "price": "1849.99",
            "CPU model": "Intel Core i9",
            "Hard disk size": "1 TB",
            "color": "red",
            "capacity": 2,
            "screen_size": 14
        }
    },
    {
        "id": 60,
        "name": "Apple MacBook Pro 16",
        "data": {
            "year": "2019",
            "price": "1849.99",
            "CPU model": "Intel Core i9",
            "Hard disk size": "1 TB",
            "color": "red",
            "capacity": 2,
            "screen_size": 14
        }
    },
    {
        "id": 43,
        "name": "Tab Galaxy S10",
        "data": {
            "year": "2025",
            "price": "1000.87",
            "CPU model": "-",
            "Hard disk size": "1 TB",
            "color": "Black",
            "capacity": null,
            "screen_size": 7
        }
    },
    {
        "id": 44,
        "name": "Tab Galaxy S10",
        "data": {
            "year": "2025",
            "price": "1000.87",
            "CPU model": "-",
            "Hard disk size": "1 TB",
            "color": "Black",
            "capacity": null,
            "screen_size": 7
        }
    },
    {
        "id": 45,
        "name": "Tab Galaxy S10",
        "data": {
            "year": "2025",
            "price": "1000.87",
            "CPU model": "-",
            "Hard disk size": "1 TB",
            "color": "Black",
            "capacity": null,
            "screen_size": 7
        }
    },
    {
        "id": 46,
        "name": "Tab Galaxy S10",
        "data": {
            "year": "2025",
            "price": "1000.87",
            "CPU model": "-",
            "Hard disk size": "1 TB",
            "color": "Black",
            "capacity": null,
            "screen_size": 7
        }
    },
    {
        "id": 47,
        "name": "Tab Galaxy S10",
        "data": {
            "year": "2025",
            "price": "1000.87",
            "CPU model": "-",
            "Hard disk size": "1 TB",
            "color": "Black",
            "capacity": null,
            "screen_size": 7
        }
    },
    {
        "id": 48,
        "name": "Tab Galaxy S10",
        "data": {
            "year": "2025",
            "price": "1000.87",
            "CPU model": "-",
            "Hard disk size": "1 TB",
            "color": "Black",
            "capacity": null,
            "screen_size": 7
        }
    },
    {
        "id": 49,
        "name": "Tab Galaxy S10",
        "data": {
            "year": "2025",
            "price": "1000.87",
            "CPU model": "-",
            "Hard disk size": "1 TB",
            "color": "Black",
            "capacity": null,
            "screen_size": 7
        }
    },
    {
        "id": 50,
        "name": "Tab Galaxy S10",
        "data": {
            "year": "2025",
            "price": "1000.87",
            "CPU model": "-",
            "Hard disk size": "1 TB",
            "color": "Black",
            "capacity": null,
            "screen_size": 7
        }
    },
    {
        "id": 61,
        "name": "Apple MacBook Pro 16",
        "data": {
            "year": "2019",
            "price": "1849.99",
            "CPU model": "Intel Core i9",
            "Hard disk size": "1 TB",
            "color": "red",
            "capacity": 2,
            "screen_size": 14
        }
    },
    {
        "id": 62,
        "name": "Apple MacBook Pro 16",
        "data": {
            "year": "2019",
            "price": "1849.99",
            "CPU model": "Intel Core i9",
            "Hard disk size": "1 TB",
            "color": "red",
            "capacity": 2,
            "screen_size": 14
        }
    },
    {
        "id": 63,
        "name": "Apple MacBook Pro 16",
        "data": {
            "year": "2019",
            "price": "1849.99",
            "CPU model": "Intel Core i9",
            "Hard disk size": "1 TB",
            "color": "red",
            "capacity": 2,
            "screen_size": 14
        }
    },
    {
        "id": 71,
        "name": "Apple MacBook Pro 18",
        "data": {
            "year": "2019",
            "price": "1849.99",
            "CPU model": "Intel Core i9",
            "Hard disk size": "1 TB",
            "color": "blue",
            "capacity": 2,
            "screen_size": 14
        }
    },
    {
        "id": 73,
        "name": "Apple MacBook Pro 18",
        "data": {
            "year": "2019",
            "price": "1849.99",
            "CPU model": "Intel Core i9",
            "Hard disk size": "1 TB",
            "color": "blue",
            "capacity": 2,
            "screen_size": 14
        }
    },
    {
        "id": 74,
        "name": "Apple MacBook Pro 18",
        "data": {
            "year": "2019",
            "price": "1849.99",
            "CPU model": "Intel Core i9",
            "Hard disk size": "1 TB",
            "color": "blue",
            "capacity": 2,
            "screen_size": 14
        }
    },
    {
        "id": 75,
        "name": "Apple MacBook Pro 18",
        "data": {
            "year": "2019",
            "price": "1849.99",
            "CPU model": "Intel Core i9",
            "Hard disk size": "1 TB",
            "color": "blue",
            "capacity": 2,
            "screen_size": 14
        }
    },
    {
        "id": 76,
        "name": "Apple MacBook Pro 18",
        "data": {
            "year": "2019",
            "price": "1849.99",
            "CPU model": "Intel Core i9",
            "Hard disk size": "1 TB",
            "color": "blue",
            "capacity": 2,
            "screen_size": 14
        }
    },
    {
        "id": 77,
        "name": "Apple MacBook Pro 18",
        "data": {
            "year": "2019",
            "price": "1849.99",
            "CPU model": "Intel Core i9",
            "Hard disk size": "1 TB",
            "color": "blue",
            "capacity": 2,
            "screen_size": 14
        }
    },
    {
        "id": 78,
        "name": "Apple MacBook Pro 18",
        "data": {
            "year": "2019",
            "price": "1849.99",
            "CPU model": "Intel Core i9",
            "Hard disk size": "1 TB",
            "color": "blue",
            "capacity": 2,
            "screen_size": 14
        }
    },
    {
        "id": 79,
        "name": "Apple MacBook Pro 18",
        "data": {
            "year": "2019",
            "price": "1849.99",
            "CPU model": "Intel Core i9",
            "Hard disk size": "1 TB",
            "color": "blue",
            "capacity": 2,
            "screen_size": 14
        }
    },
    {
        "id": 80,
        "name": "Apple MacBook Pro 18",
        "data": {
            "year": "2019",
            "price": "1849.99",
            "CPU model": "Intel Core i9",
            "Hard disk size": "1 TB",
            "color": "blue",
            "capacity": 2,
            "screen_size": 14
        }
    },
    {
        "id": 83,
        "name": "Tab Galaxy S10",
        "data": {
            "year": "2025",
            "price": "1000.87",
            "CPU model": "-",
            "Hard disk size": "1 TB",
            "color": "Black",
            "capacity": null,
            "screen_size": 7
        }
    },
    {
        "id": 84,
        "name": "Apple MacBook Pro 16",
        "data": {
            "year": "2019",
            "price": "1849.99",
            "CPU model": "Intel Core i9",
            "Hard disk size": "1 TB",
            "color": "red",
            "capacity": 2,
            "screen_size": 14
        }
    },
    {
        "id": 85,
        "name": "Apple MacBook Pro 16",
        "data": {
            "year": "2019",
            "price": "1849.99",
            "CPU model": "Intel Core i9",
            "Hard disk size": "1 TB",
            "color": "red",
            "capacity": 2,
            "screen_size": 14
        }
    },
    {
        "id": 86,
        "name": "Apple MacBook Pro 16",
        "data": {
            "year": "2019",
            "price": "1849.99",
            "CPU model": "Intel Core i9",
            "Hard disk size": "1 TB",
            "color": "red",
            "capacity": 2,
            "screen_size": 14
        }
    },
    {
        "id": 87,
        "name": "Apple MacBook Pro 16",
        "data": {
            "year": "2019",
            "price": "1849.99",
            "CPU model": "Intel Core i9",
            "Hard disk size": "1 TB",
            "color": "red",
            "capacity": 2,
            "screen_size": 14
        }
    },
    {
        "id": 88,
        "name": "Apple MacBook Pro 16",
        "data": {
            "year": "2019",
            "price": "1849.99",
            "CPU model": "Intel Core i9",
            "Hard disk size": "1 TB",
            "color": "red",
            "capacity": 2,
            "screen_size": 14
        }
    },
    {
        "id": 90,
        "name": "Apple MacBook Pro 16",
        "data": {
            "year": "2019",
            "price": "1849.99",
            "CPU model": "Intel Core i9",
            "Hard disk size": "1 TB",
            "color": "red",
            "capacity": 2,
            "screen_size": 14
        }
    },
    {
        "id": 91,
        "name": "Apple MacBook Pro 16",
        "data": {
            "year": "2019",
            "price": "1849.99",
            "CPU model": "Intel Core i9",
            "Hard disk size": "1 TB",
            "color": "red",
            "capacity": 2,
            "screen_size": 14
        }
    },
    {
        "id": 122,
        "name": "Apple MacBook Pro 16",
        "data": {
            "year": "2019",
            "price": "1849.99",
            "CPU model": "Intel Core i9",
            "Hard disk size": "1 TB",
            "color": "red",
            "capacity": 2,
            "screen_size": 14
        }
    },
    {
        "id": 123,
        "name": "Apple MacBook Pro 16",
        "data": {
            "year": "2019",
            "price": "1849.99",
            "CPU model": "Intel Core i9",
            "Hard disk size": "1 TB",
            "color": "red",
            "capacity": 2,
            "screen_size": 14
        }
    },
    {
        "id": 124,
        "name": "Tab Galaxy S10",
        "data": {
            "year": "2025",
            "price": "1000.87",
            "CPU model": "-",
            "Hard disk size": "1 TB",
            "color": "Black",
            "capacity": null,
            "screen_size": 7
        }
    },
    {
        "id": 93,
        "name": "Lenovo K14",
        "data": {
            "year": "2024",
            "price": "1849.99",
            "CPU model": "Intel Core i9",
            "Hard disk size": "1 TB",
            "color": "black",
            "capacity": 2,
            "screen_size": 14
        }
    },
    {
        "id": 125,
        "name": "Samsung Flip 17",
        "data": {
            "year": "2029",
            "price": "20987.72",
            "CPU model": "Exynos",
            "Hard disk size": "1 TB",
            "color": "Black",
            "capacity": null,
            "screen_size": 7
        }
    },
    {
        "id": 126,
        "name": "Tab Galaxy S10",
        "data": {
            "year": "2025",
            "price": "1000.87",
            "CPU model": "-",
            "Hard disk size": "1 TB",
            "color": "Black",
            "capacity": null,
            "screen_size": 7
        }
    },
    {
        "id": 95,
        "name": "Lenovo K14-AB",
        "data": {
            "year": "2024",
            "price": "1849.99",
            "CPU model": "Intel Core i9",
            "Hard disk size": "1 TB",
            "color": "black",
            "capacity": 2,
            "screen_size": 14
        }
    },
    {
        "id": 94,
        "name": "Apple MacBook Pro 1611-albert12",
        "data": {
            "year": "2030",
            "price": "1849.99",
            "CPU model": "Intel Core i9",
            "Hard disk size": "1 TB",
            "color": "red",
            "capacity": 2,
            "screen_size": 14
        }
    },
    {
        "id": 96,
        "name": "Tab Galaxy S10",
        "data": {
            "year": "2025",
            "price": "1000.87",
            "CPU model": "-",
            "Hard disk size": "1 TB",
            "color": "Black",
            "capacity": null,
            "screen_size": 7
        }
    },
    {
        "id": 98,
        "name": "Tab Galaxy S10",
        "data": {
            "year": "2025",
            "price": "1000.87",
            "CPU model": "-",
            "Hard disk size": "1 TB",
            "color": "Black",
            "capacity": null,
            "screen_size": 7
        }
    },
    {
        "id": 99,
        "name": "Tab Galaxy S10",
        "data": {
            "year": "2025",
            "price": "1000.87",
            "CPU model": "-",
            "Hard disk size": "1 TB",
            "color": "Black",
            "capacity": null,
            "screen_size": 7
        }
    },
    {
        "id": 127,
        "name": "Samsung Flip 17",
        "data": {
            "year": "2029",
            "price": "20987.72",
            "CPU model": "Exynos",
            "Hard disk size": "1 TB",
            "color": "Black",
            "capacity": null,
            "screen_size": 7
        }
    },
    {
        "id": 100,
        "name": "Tab Galaxy S10",
        "data": {
            "year": "2025",
            "price": "1000.87",
            "CPU model": "-",
            "Hard disk size": "1 TB",
            "color": "Black",
            "capacity": null,
            "screen_size": 7
        }
    },
    {
        "id": 128,
        "name": "Samsung Flip 17",
        "data": {
            "year": "2029",
            "price": "20987.72",
            "CPU model": "Exynos",
            "Hard disk size": "1 TB",
            "color": "Black",
            "capacity": null,
            "screen_size": 7
        }
    },
    {
        "id": 101,
        "name": "Apple MacBook Pro 160-DianaPunya",
        "data": {
            "year": "2027",
            "price": "1849.99",
            "CPU model": "Intel Core i9",
            "Hard disk size": "1 TB",
            "color": "red",
            "capacity": 2,
            "screen_size": 14
        }
    },
    {
        "id": 129,
        "name": "Samsung Flip 17",
        "data": {
            "year": "2029",
            "price": "20987.72",
            "CPU model": "Exynos",
            "Hard disk size": "2 GB",
            "color": "Purple",
            "capacity": 120,
            "screen_size": 7.6
        }
    },
    {
        "id": 130,
        "name": "Samsung Flip 17",
        "data": {
            "year": "2029",
            "price": "20987.72",
            "CPU model": "Exynos",
            "Hard disk size": "2 GB",
            "color": "Purple",
            "capacity": 120,
            "screen_size": 7.6
        }
    },
    {
        "id": 103,
        "name": "Apple MacBook Pro Zahwa",
        "data": {
            "year": "2035",
            "price": "1849.99",
            "CPU model": "Intel Core i9",
            "Hard disk size": "1 TB",
            "color": "red",
            "capacity": 2,
            "screen_size": 14
        }
    },
    {
        "id": 131,
        "name": "Samsung Flip 17",
        "data": {
            "year": "2029",
            "price": "20987.72",
            "CPU model": "Exynos",
            "Hard disk size": "2 GB",
            "color": "Purple",
            "capacity": 120,
            "screen_size": 7.6
        }
    },
    {
        "id": 105,
        "name": "Apple MacBook Pro 16 Yuana Updated2",
        "data": {
            "year": "2030",
            "price": "2000",
            "CPU model": "Intel Core i9",
            "Hard disk size": "1 TB",
            "color": "green",
            "capacity": 2,
            "screen_size": 16
        }
    },
    {
        "id": 104,
        "name": "Lenovo Thinkpad T14s - Drajatp",
        "data": {
            "year": "2024",
            "price": "2049.99",
            "CPU model": "Intel vPRO Enterprise",
            "Hard disk size": "500 GB",
            "color": "black",
            "capacity": 4,
            "screen_size": 14
        }
    },
    {
        "id": 107,
        "name": "Apple MacBook Air M1 azhar partially update",
        "data": {
            "year": "2020",
            "price": "999",
            "CPU model": "Apple M1 partially update",
            "Hard disk size": "256 GB",
            "color": "space grey",
            "capacity": 8,
            "screen_size": 13
        }
    },
    {
        "id": 132,
        "name": "Samsung Flip 17",
        "data": {
            "year": "2029",
            "price": "20987.72",
            "CPU model": "Exynos",
            "Hard disk size": "2 GB",
            "color": "Purple",
            "capacity": 120,
            "screen_size": 7.6
        }
    },
    {
        "id": 110,
        "name": "Apple MacBook Pro 16",
        "data": {
            "year": "2019",
            "price": "1849.99",
            "CPU model": "Intel Core i9",
            "Hard disk size": "1 TB",
            "color": "red",
            "capacity": 2,
            "screen_size": 14
        }
    },
    {
        "id": 111,
        "name": "Apple MacBook Pro 16",
        "data": {
            "year": "2019",
            "price": "1849.99",
            "CPU model": "Intel Core i9",
            "Hard disk size": "1 TB",
            "color": "red",
            "capacity": 2,
            "screen_size": 14
        }
    },
    {
        "id": 112,
        "name": "Apple MacBook Pro 16",
        "data": {
            "year": "2019",
            "price": "1849.99",
            "CPU model": "Intel Core i9",
            "Hard disk size": "1 TB",
            "color": "red",
            "capacity": 2,
            "screen_size": 14
        }
    },
    {
        "id": 113,
        "name": "Apple MacBook Pro 16",
        "data": {
            "year": "2019",
            "price": "1849.99",
            "CPU model": "Intel Core i9",
            "Hard disk size": "1 TB",
            "color": "red",
            "capacity": 2,
            "screen_size": 14
        }
    },
    {
        "id": 114,
        "name": "Apple MacBook Pro 16",
        "data": {
            "year": "2019",
            "price": "1849.99",
            "CPU model": "Intel Core i9",
            "Hard disk size": "1 TB",
            "color": "red",
            "capacity": 2,
            "screen_size": 14
        }
    },
    {
        "id": 115,
        "name": "Apple MacBook Pro 16",
        "data": {
            "year": "2019",
            "price": "1849.99",
            "CPU model": "Intel Core i9",
            "Hard disk size": "1 TB",
            "color": "red",
            "capacity": 2,
            "screen_size": 14
        }
    },
    {
        "id": 116,
        "name": "Apple MacBook Pro 16",
        "data": {
            "year": "2019",
            "price": "1849.99",
            "CPU model": "Intel Core i9",
            "Hard disk size": "1 TB",
            "color": "red",
            "capacity": 2,
            "screen_size": 14
        }
    },
    {
        "id": 117,
        "name": "Apple MacBook Pro 16",
        "data": {
            "year": "2019",
            "price": "1849.99",
            "CPU model": "Intel Core i9",
            "Hard disk size": "1 TB",
            "color": "red",
            "capacity": 2,
            "screen_size": 14
        }
    },
    {
        "id": 118,
        "name": "Apple MacBook Pro 16",
        "data": {
            "year": "2019",
            "price": "1849.99",
            "CPU model": "Intel Core i9",
            "Hard disk size": "1 TB",
            "color": "red",
            "capacity": 2,
            "screen_size": 14
        }
    },
    {
        "id": 119,
        "name": "Apple MacBook Pro 16",
        "data": {
            "year": "2019",
            "price": "1849.99",
            "CPU model": "Intel Core i9",
            "Hard disk size": "1 TB",
            "color": "red",
            "capacity": 2,
            "screen_size": 14
        }
    },
    {
        "id": 120,
        "name": "Apple MacBook Pro 16",
        "data": {
            "year": "2019",
            "price": "1849.99",
            "CPU model": "Intel Core i9",
            "Hard disk size": "1 TB",
            "color": "red",
            "capacity": 2,
            "screen_size": 14
        }
    },
    {
        "id": 121,
        "name": "Apple MacBook Pro 16",
        "data": {
            "year": "2019",
            "price": "1849.99",
            "CPU model": "Intel Core i9",
            "Hard disk size": "1 TB",
            "color": "red",
            "capacity": 2,
            "screen_size": 14
        }
    },
    {
        "id": 133,
        "name": "Samsung Flip 17",
        "data": {
            "year": "2029",
            "price": "20987.72",
            "CPU model": "Exynos",
            "Hard disk size": "2 GB",
            "color": "Purple",
            "capacity": 120,
            "screen_size": 7.6
        }
    },
    {
        "id": 134,
        "name": "Samsung Flip 17",
        "data": {
            "year": "2029",
            "price": "20987.72",
            "CPU model": "Exynos",
            "Hard disk size": "2 GB",
            "color": "Purple",
            "capacity": 120,
            "screen_size": 7.6
        }
    },
    {
        "id": 135,
        "name": "Samsung Flip 17",
        "data": {
            "year": "2029",
            "price": "20987.72",
            "CPU model": "Exynos",
            "Hard disk size": "2 GB",
            "color": "Purple",
            "capacity": 120,
            "screen_size": 7.6
        }
    },
    {
        "id": 136,
        "name": "Samsung Flip 17",
        "data": {
            "year": "2029",
            "price": "20987.72",
            "CPU model": "Exynos",
            "Hard disk size": "2 GB",
            "color": "Purple",
            "capacity": 120,
            "screen_size": 7.6
        }
    },
    {
        "id": 137,
        "name": "Samsung Flip 17",
        "data": {
            "year": "2029",
            "price": "20987.72",
            "CPU model": "Exynos",
            "Hard disk size": "2 GB",
            "color": "Purple",
            "capacity": 120,
            "screen_size": 7.6
        }
    },
    {
        "id": 138,
        "name": "Samsung Flip 17",
        "data": {
            "year": "2029",
            "price": "20987.72",
            "CPU model": "Exynos",
            "Hard disk size": "2 GB",
            "color": "Purple",
            "capacity": 120,
            "screen_size": 7.6
        }
    },
    {
        "id": 139,
        "name": "Samsung Flip 17",
        "data": {
            "year": "2029",
            "price": "20987.72",
            "CPU model": "Exynos",
            "Hard disk size": "2 GB",
            "color": "Purple",
            "capacity": 120,
            "screen_size": 7.6
        }
    },
    {
        "id": 140,
        "name": "Samsung Flip 17",
        "data": {
            "year": "2029",
            "price": "20987.72",
            "CPU model": "Exynos",
            "Hard disk size": "2 GB",
            "color": "Purple",
            "capacity": 120,
            "screen_size": 7.6
        }
    },
    {
        "id": 141,
        "name": "Samsung Flip 17",
        "data": {
            "year": "2029",
            "price": "20987.72",
            "CPU model": "Exynos",
            "Hard disk size": "2 GB",
            "color": "Purple",
            "capacity": 120,
            "screen_size": 7.6
        }
    },
    {
        "id": 142,
        "name": "[PROMO] Galaxy S10",
        "data": {
            "year": "2030",
            "price": "1000.87",
            "CPU model": "-",
            "Hard disk size": "1 TB",
            "color": "Black",
            "capacity": null,
            "screen_size": 7
        }
    },
    {
        "id": 143,
        "name": "[PROMO] Galaxy S10",
        "data": {
            "year": "2030",
            "price": "1000.87",
            "CPU model": "-",
            "Hard disk size": "1 TB",
            "color": "Black",
            "capacity": null,
            "screen_size": 7
        }
    },
    {
        "id": 147,
        "name": "Tab Galaxy S10",
        "data": {
            "year": "2025",
            "price": "1000.87",
            "CPU model": "-",
            "Hard disk size": "1 TB",
            "color": "Black",
            "capacity": null,
            "screen_size": 7
        }
    },
    {
        "id": 148,
        "name": "Tab Galaxy S10",
        "data": {
            "year": "2025",
            "price": "1000.87",
            "CPU model": "-",
            "Hard disk size": "1 TB",
            "color": "Black",
            "capacity": null,
            "screen_size": 7
        }
    },
    {
        "id": 149,
        "name": "Tab Galaxy S10",
        "data": {
            "year": "2025",
            "price": "1000.87",
            "CPU model": "-",
            "Hard disk size": "1 TB",
            "color": "Black",
            "capacity": null,
            "screen_size": 7
        }
    },
    {
        "id": 152,
        "name": "Tab Galaxy S10",
        "data": {
            "year": "2025",
            "price": "1000.87",
            "CPU model": "iOS 17",
            "Hard disk size": "1 TB",
            "color": "Black",
            "capacity": 255,
            "screen_size": 7
        }
    },
    {
        "id": 153,
        "name": "Tab Galaxy S10",
        "data": {
            "year": "2025",
            "price": "1000.87",
            "CPU model": "iOS 17",
            "Hard disk size": "1 TB",
            "color": "Black",
            "capacity": 255,
            "screen_size": 7
        }
    },
    {
        "id": 154,
        "name": "Tab Galaxy S10",
        "data": {
            "year": "2025",
            "price": "1000.87",
            "CPU model": "iOS 17",
            "Hard disk size": "1 TB",
            "color": "Black",
            "capacity": 255,
            "screen_size": 7
        }
    },
    {
        "id": 160,
        "name": "Tab Galaxy S10",
        "data": {
            "year": "2025",
            "price": "1000.87",
            "CPU model": "iOS 17",
            "Hard disk size": "1 TB",
            "color": "Black",
            "capacity": 255,
            "screen_size": 7
        }
    },
    {
        "id": 156,
        "name": "Tab Galaxy S10",
        "data": {
            "year": "2025",
            "price": "1000.87",
            "CPU model": "iOS 17",
            "Hard disk size": "1 TB",
            "color": "Black",
            "capacity": 255,
            "screen_size": 7
        }
    },
    {
        "id": 157,
        "name": "Tab Galaxy S10",
        "data": {
            "year": "2025",
            "price": "1000.87",
            "CPU model": "iOS 17",
            "Hard disk size": "1 TB",
            "color": "Black",
            "capacity": 255,
            "screen_size": 7
        }
    },
    {
        "id": 158,
        "name": "Tab Galaxy S10",
        "data": {
            "year": "2025",
            "price": "1000.87",
            "CPU model": "iOS 17",
            "Hard disk size": "1 TB",
            "color": "Black",
            "capacity": 255,
            "screen_size": 7
        }
    },
    {
        "id": 161,
        "name": "Tab Galaxy S10",
        "data": {
            "year": "2025",
            "price": "1000.87",
            "CPU model": "iOS 17",
            "Hard disk size": "1 TB",
            "color": "Black",
            "capacity": 255,
            "screen_size": 7
        }
    },
    {
        "id": 159,
        "name": "Tab Galaxy S10",
        "data": {
            "year": "2025",
            "price": "1000.87",
            "CPU model": "iOS 17",
            "Hard disk size": "1 TB",
            "color": "Black",
            "capacity": 255,
            "screen_size": 7
        }
    },
    {
        "id": 155,
        "name": "Apple MacBook Pro 25 - Alifa Partially Updated",
        "data": {
            "year": "2024",
            "price": "1999.99",
            "CPU model": "M5",
            "Hard disk size": "2 TB",
            "color": "grey",
            "capacity": 1,
            "screen_size": 13
        }
    },
    {
        "id": 162,
        "name": "Tab Galaxy S10",
        "data": {
            "year": "2025",
            "price": "1000.87",
            "CPU model": "iOS 17",
            "Hard disk size": "1 TB",
            "color": "Black",
            "capacity": 255,
            "screen_size": 7
        }
    },
    {
        "id": 163,
        "name": "Tab Galaxy S10",
        "data": {
            "year": "2025",
            "price": "1000.87",
            "CPU model": "iOS 17",
            "Hard disk size": "1 TB",
            "color": "Black",
            "capacity": 255,
            "screen_size": 7
        }
    },
    {
        "id": 164,
        "name": "Apple MacBook Pro 16",
        "data": {
            "year": "2019",
            "price": "1849.99",
            "CPU model": "Intel Core i9",
            "Hard disk size": "1 TB",
            "color": "red",
            "capacity": 2,
            "screen_size": 14
        }
    },
    {
        "id": 165,
        "name": "Apple MacBook Pro 16",
        "data": {
            "year": "2019",
            "price": "1849.99",
            "CPU model": "Intel Core i9",
            "Hard disk size": "1 TB",
            "color": "red",
            "capacity": 2,
            "screen_size": 14
        }
    },
    {
        "id": 166,
        "name": "Apple MacBook Pro 16",
        "data": {
            "year": "2019",
            "price": "1849.99",
            "CPU model": "Intel Core i9",
            "Hard disk size": "1 TB",
            "color": "red",
            "capacity": 2,
            "screen_size": 14
        }
    },
    {
        "id": 167,
        "name": "Apple MacBook Pro 16",
        "data": {
            "year": "2019",
            "price": "1849.99",
            "CPU model": "Intel Core i9",
            "Hard disk size": "1 TB",
            "color": "red",
            "capacity": 2,
            "screen_size": 14
        }
    },
    {
        "id": 171,
        "name": "Samsung Flip 17",
        "data": {
            "year": "2029",
            "price": "20987.72",
            "CPU model": "Exynos",
            "Hard disk size": "2 GB",
            "color": "Purple",
            "capacity": 120,
            "screen_size": 7.6
        }
    },
    {
        "id": 172,
        "name": "Samsung Flip 17",
        "data": {
            "year": "2029",
            "price": "20987.72",
            "CPU model": "Exynos",
            "Hard disk size": "2 GB",
            "color": "Purple",
            "capacity": 120,
            "screen_size": 7.6
        }
    },
    {
        "id": 173,
        "name": "Samsung Flip 17",
        "data": {
            "year": "2029",
            "price": "20987.72",
            "CPU model": "Exynos",
            "Hard disk size": "2 GB",
            "color": "Purple",
            "capacity": 120,
            "screen_size": 7.6
        }
    },
    {
        "id": 174,
        "name": "Samsung Flip 17",
        "data": {
            "year": "2029",
            "price": "20987.72",
            "CPU model": "Exynos",
            "Hard disk size": "2 GB",
            "color": "Purple",
            "capacity": 120,
            "screen_size": 7.6
        }
    },
    {
        "id": 175,
        "name": "Samsung Flip 17",
        "data": {
            "year": "2029",
            "price": "20987.72",
            "CPU model": "Exynos",
            "Hard disk size": "2 GB",
            "color": "Purple",
            "capacity": 120,
            "screen_size": 7.6
        }
    },
    {
        "id": 182,
        "name": "Apple MacBook Pro 16",
        "data": {
            "year": "2019",
            "price": "1849.99",
            "CPU model": "Intel Core i9",
            "Hard disk size": "1 TB",
            "color": "red",
            "capacity": 2,
            "screen_size": 14
        }
    },
    {
        "id": 179,
        "name": "Apple MacBook Pro 15",
        "data": {
            "year": "2030",
            "price": "1500.99",
            "CPU model": "Apple M4",
            "Hard disk size": "2 TB",
            "color": "white",
            "capacity": 2,
            "screen_size": 14
        }
    }
]
]]></system-out>
  </testcase>
  <testcase name="testRegister" classname="restassured.RestAssuredImpl" time="0.164">
    <system-out><![CDATA[Request method:	POST
Request URI:	https://whitesmokehouse.com/webhook/api/register
Proxy:			<none>
Request params:	<none>
Query params:	<none>
Form params:	<none>
Path params:	<none>
Headers:		Accept=*/*
				Content-Type=application/json
Cookies:		<none>
Multiparts:		<none>
Body:
{
    "email": "daffa.virdianto4@gmail.com",
    "full_name": "Daffa Virdianto",
    "password": "D@ffa123",
    "department": "manager",
    "phone_number": "081325018827"
}
Response: {
    "id": "194",
    "email": "daffa.virdianto4@gmail.com",
    "full_name": "Daffa Virdianto",
    "department": "manager",
    "phone_number": "081325018827",
    "create_at": "2025-05-18T04:26:25.771Z",
    "update_at": "2025-05-18T04:26:25.771Z"
}
]]></system-out>
  </testcase>
  <testcase name="testAddObject" classname="restassured.RestAssuredImpl" time="0.212">
    <system-out><![CDATA[Request method:	POST
Request URI:	https://whitesmokehouse.com/webhook/api/objects
Proxy:			<none>
Request params:	<none>
Query params:	<none>
Form params:	<none>
Path params:	<none>
Headers:		Authorization=Bearer eyJhbGciOiJIUzI1NiIsInR5cCI6IkpXVCJ9.eyJpZCI6IjU4IiwiaWF0IjoxNzQ3NTQyMzg0fQ.0qR4baNsZA0b5RrN_L_RIGxkK4Dipuj5d-XcDSHwvSQ
				Accept=*/*
				Content-Type=application/json
Cookies:		<none>
Multiparts:		<none>
Body:
{
    "name": "Apple MacBook Pro 16",
    "data": {
        "year": 2019,
        "price": 1849.99,
        "cpu_model": "Intel Core i9",
        "hard_disk_size": "1 TB",
        "capacity": "2 cpu",
        "screen_size": "14 Inch",
        "color": "red"
    }
}
Response: [
    {
        "id": 185,
        "name": "Apple MacBook Pro 16",
        "data": {
            "year": "2019",
            "price": 1849.99,
            "cpu_model": "Intel Core i9",
            "hard_disk_size": "1 TB",
            "color": "red",
            "capacity": "2 cpu",
            "screen_size": "14 Inch"
        }
    }
]
]]></system-out>
  </testcase>
  <testcase name="testUpdateObject" classname="restassured.RestAssuredImpl" time="0.2">
    <system-out><![CDATA[Request method:	PUT
Request URI:	https://whitesmokehouse.com/webhook/37777abe-a5ef-4570-a383-c99b5f5f7906/api/objects/185
Proxy:			<none>
Request params:	<none>
Query params:	<none>
Form params:	<none>
Path params:	<none>
Headers:		Authorization=Bearer eyJhbGciOiJIUzI1NiIsInR5cCI6IkpXVCJ9.eyJpZCI6IjU4IiwiaWF0IjoxNzQ3NTQyMzg0fQ.0qR4baNsZA0b5RrN_L_RIGxkK4Dipuj5d-XcDSHwvSQ
				Accept=*/*
				Content-Type=application/json
Cookies:		<none>
Multiparts:		<none>
Body:
{
    "name": "Apple MacBook Pro 18",
    "data": {
        "year": 2019,
        "price": 1849.99,
        "cpu_model": "Intel Core i9",
        "hard_disk_size": "1 TB",
        "capacity": "2 cpu",
        "screen_size": "14 Inch",
        "color": "blue"
    }
}
Response: [
    {
        "id": 185,
        "name": "Apple MacBook Pro 18",
        "data": {
            "year": "2019",
            "price": 1849.99,
            "CPU model": "Intel Core i9",
            "Hard disk size": "1 TB",
            "color": "blue",
            "capacity": "2 cpu",
            "screen_size": "14 Inch"
        }
    }
]
]]></system-out>
  </testcase>
  <testcase name="testDeleteObject" classname="restassured.RestAssuredImpl" time="0.159">
    <system-out><![CDATA[Request method:	DELETE
Request URI:	https://whitesmokehouse.com/webhook/d79a30ed-1066-48b6-83f5-556120afc46f/api/objects/185
Proxy:			<none>
Request params:	<none>
Query params:	<none>
Form params:	<none>
Path params:	<none>
Headers:		Authorization=Bearer eyJhbGciOiJIUzI1NiIsInR5cCI6IkpXVCJ9.eyJpZCI6IjU4IiwiaWF0IjoxNzQ3NTQyMzg0fQ.0qR4baNsZA0b5RrN_L_RIGxkK4Dipuj5d-XcDSHwvSQ
				Accept=*/*
				Content-Type=application/json
Cookies:		<none>
Multiparts:		<none>
Body:			<none>
Response: {
    "status": "deleted",
    "message": "Object with id = 185, has been deleted."
}
]]></system-out>
  </testcase>
</testsuite>