<?xml version="1.0" encoding="UTF-8"?>
<!-- Generated by org.testng.reporters.JUnitReportReporter -->
<testsuite hostname="ASRock" failures="0" tests="3" name="testng.RetryTest" time="0.005" errors="0" timestamp="2025-05-18T11:19:37 WIB" skipped="2">
  <testcase classname="testng.RetryTest" name="flackyTest" time="0.004">
    <skipped/>
  </testcase> <!-- flackyTest -->
  <testcase classname="testng.RetryTest" name="flackyTest" time="0.000"/>
  <testcase classname="testng.RetryTest" name="flackyTest" time="0.001">
    <skipped/>
  </testcase> <!-- flackyTest -->
</testsuite> <!-- testng.RetryTest -->
