<?xml version="1.0" encoding="UTF-8"?>
<!-- Generated by org.testng.reporters.JUnitReportReporter -->
<testsuite hostname="ASRock" failures="0" tests="3" name="testng.DataProviderTest" time="0.004" errors="0" timestamp="2025-05-18T11:19:37 WIB" skipped="0">
  <testcase classname="testng.DataProviderTest" name="testMethod" time="0.004"/>
  <testcase classname="testng.DataProviderTest" name="testMethod" time="0.000"/>
  <testcase classname="testng.DataProviderTest" name="testMethod" time="0.000"/>
</testsuite> <!-- testng.DataProviderTest -->
