<?xml version="1.0" encoding="UTF-8"?>
<!-- Generated by org.testng.reporters.JUnitReportReporter -->
<testsuite hostname="ASRock" failures="0" tests="10" name="restassured.RestAssuredImpl" time="8.027" errors="0" timestamp="2025-05-19T09:17:33 WIB" skipped="0">
  <testcase classname="restassured.RestAssuredImpl" name="testGetAllDepartments" time="0.697"/>
  <testcase classname="restassured.RestAssuredImpl" name="testRegister" time="1.854"/>
  <testcase classname="restassured.RestAssuredImpl" name="testGetListAllObjects" time="0.660"/>
  <testcase classname="restassured.RestAssuredImpl" name="testLogin" time="0.640"/>
  <testcase classname="restassured.RestAssuredImpl" name="testAddObject" time="0.701"/>
  <testcase classname="restassured.RestAssuredImpl" name="SingleObject" time="0.613"/>
  <testcase classname="restassured.RestAssuredImpl" name="ListOfObjectsByIds" time="0.887"/>
  <testcase classname="restassured.RestAssuredImpl" name="testUpdateObject" time="0.670"/>
  <testcase classname="restassured.RestAssuredImpl" name="PartiallyUpdateObject" time="0.688"/>
  <testcase classname="restassured.RestAssuredImpl" name="testDeleteObject" time="0.617"/>
</testsuite> <!-- restassured.RestAssuredImpl -->
