<?xml version="1.0" encoding="UTF-8"?>
<!-- Generated by org.testng.reporters.JUnitReportReporter -->
<testsuite hostname="ASRock" failures="0" tests="1" name="testng.SimpleTest" time="0.002" errors="0" timestamp="2025-05-18T11:19:37 WIB" skipped="0">
  <testcase classname="testng.SimpleTest" name="testMethod" time="0.002"/>
</testsuite> <!-- testng.SimpleTest -->
