<?xml version="1.0" encoding="UTF-8"?>
<!-- Generated by org.testng.reporters.JUnitReportReporter -->
<testsuite hostname="ASRock" failures="0" tests="10" name="restassured.RestAssuredImpl" time="3.087" errors="0" timestamp="2025-05-18T11:26:25 WIB" skipped="0">
  <testcase classname="restassured.RestAssuredImpl" name="SingleObject" time="0.133"/>
  <testcase classname="restassured.RestAssuredImpl" name="ListOfObjectsByIds" time="0.258"/>
  <testcase classname="restassured.RestAssuredImpl" name="testGetListAllObjects" time="0.198"/>
  <testcase classname="restassured.RestAssuredImpl" name="testRegister" time="0.185"/>
  <testcase classname="restassured.RestAssuredImpl" name="PartiallyUpdateObject" time="0.257"/>
  <testcase classname="restassured.RestAssuredImpl" name="testLogin" time="1.291"/>
  <testcase classname="restassured.RestAssuredImpl" name="testGetAllDepartments" time="0.195"/>
  <testcase classname="restassured.RestAssuredImpl" name="testAddObject" time="0.212"/>
  <testcase classname="restassured.RestAssuredImpl" name="testUpdateObject" time="0.200"/>
  <testcase classname="restassured.RestAssuredImpl" name="testDeleteObject" time="0.158"/>
</testsuite> <!-- restassured.RestAssuredImpl -->
